2020-11-02 13:21:01.569  INFO 7468 --- [restartedMain] c.g.c.CancelManagementSystem             : No active profile set, falling back to default profiles: default
2020-11-02 13:21:03.766  INFO 7468 --- [restartedMain] .s.d.r.c.RepositoryConfigurationDelegate : Bootstrapping Spring Data JPA repositories in DEFERRED mode.
2020-11-02 13:21:03.885  INFO 7468 --- [restartedMain] .s.d.r.c.RepositoryConfigurationDelegate : Finished Spring Data repository scanning in 109ms. Found 1 JPA repository interfaces.
2020-11-02 13:21:04.424  WARN 7468 --- [restartedMain] o.s.boot.actuate.endpoint.EndpointId     : Endpoint ID 'service-registry' contains invalid characters, please migrate to a valid format.
2020-11-02 13:21:04.725  INFO 7468 --- [restartedMain] o.s.cloud.context.scope.GenericScope     : BeanFactory id=8cbc4f06-4cfc-3008-aff4-45048796bb62
2020-11-02 13:21:05.829  INFO 7468 --- [restartedMain] o.s.b.w.embedded.tomcat.TomcatWebServer  : Tomcat initialized with port(s): 8008 (http)
2020-11-02 13:21:05.845  INFO 7468 --- [restartedMain] o.apache.catalina.core.StandardService   : Starting service [Tomcat]
2020-11-02 13:21:05.846  INFO 7468 --- [restartedMain] org.apache.catalina.core.StandardEngine  : Starting Servlet engine: [Apache Tomcat/9.0.38]
2020-11-02 13:21:06.189  INFO 7468 --- [restartedMain] o.a.c.c.C.[Tomcat].[localhost].[/]       : Initializing Spring embedded WebApplicationContext
2020-11-02 13:21:06.190  INFO 7468 --- [restartedMain] w.s.c.ServletWebServerApplicationContext : Root WebApplicationContext: initialization completed in 4574 ms
2020-11-02 13:21:06.483  WARN 7468 --- [restartedMain] c.n.c.sources.URLConfigurationSource     : No URLs will be polled as dynamic configuration sources.
2020-11-02 13:21:06.485  INFO 7468 --- [restartedMain] c.n.c.sources.URLConfigurationSource     : To enable URLs as dynamic configuration sources, define System property archaius.configurationSource.additionalUrls or make config.properties available on classpath.
2020-11-02 13:21:06.501  INFO 7468 --- [restartedMain] c.netflix.config.DynamicPropertyFactory  : DynamicPropertyFactory is initialized with configuration sources: com.netflix.config.ConcurrentCompositeConfiguration@26ed90b8
2020-11-02 13:21:07.236  INFO 7468 --- [restartedMain] o.s.s.concurrent.ThreadPoolTaskExecutor  : Initializing ExecutorService 'applicationTaskExecutor'
2020-11-02 13:21:07.313  INFO 7468 --- [task-1] o.hibernate.jpa.internal.util.LogHelper  : HHH000204: Processing PersistenceUnitInfo [name: default]
2020-11-02 13:21:07.437  INFO 7468 --- [task-1] org.hibernate.Version                    : HHH000412: Hibernate ORM core version 5.4.21.Final
2020-11-02 13:21:07.729  INFO 7468 --- [task-1] o.hibernate.annotations.common.Version   : HCANN000001: Hibernate Commons Annotations {5.1.0.Final}
2020-11-02 13:21:07.934  INFO 7468 --- [task-1] com.zaxxer.hikari.HikariDataSource       : HikariPool-1 - Starting...
2020-11-02 13:21:08.577  INFO 7468 --- [task-1] com.zaxxer.hikari.HikariDataSource       : HikariPool-1 - Start completed.
2020-11-02 13:21:08.637  INFO 7468 --- [task-1] org.hibernate.dialect.Dialect            : HHH000400: Using dialect: org.hibernate.dialect.MySQL8Dialect
2020-11-02 13:21:08.944  WARN 7468 --- [restartedMain] JpaBaseConfiguration$JpaWebConfiguration : spring.jpa.open-in-view is enabled by default. Therefore, database queries may be performed during view rendering. Explicitly configure spring.jpa.open-in-view to disable this warning
2020-11-02 13:21:09.188  WARN 7468 --- [task-1] org.hibernate.mapping.RootClass          : HHH000038: Composite-id class does not override equals(): com.greatoutdoor.cancelmanagementsystem.model.Cart
2020-11-02 13:21:09.189  WARN 7468 --- [task-1] org.hibernate.mapping.RootClass          : HHH000039: Composite-id class does not override hashCode(): com.greatoutdoor.cancelmanagementsystem.model.Cart
2020-11-02 13:21:09.820  INFO 7468 --- [task-1] o.h.e.t.j.p.i.JtaPlatformInitiator       : HHH000490: Using JtaPlatform implementation: [org.hibernate.engine.transaction.jta.platform.internal.NoJtaPlatform]
2020-11-02 13:21:09.830  INFO 7468 --- [task-1] j.LocalContainerEntityManagerFactoryBean : Initialized JPA EntityManagerFactory for persistence unit 'default'
2020-11-02 13:21:11.239  INFO 7468 --- [restartedMain] o.s.b.a.e.web.EndpointLinksResolver      : Exposing 18 endpoint(s) beneath base path '/actuator'
2020-11-02 13:21:11.382  WARN 7468 --- [task-2] o.s.b.d.a.OptionalLiveReloadServer       : Unable to start LiveReload server
2020-11-02 13:21:11.660  WARN 7468 --- [restartedMain] c.n.c.sources.URLConfigurationSource     : No URLs will be polled as dynamic configuration sources.
2020-11-02 13:21:11.661  INFO 7468 --- [restartedMain] c.n.c.sources.URLConfigurationSource     : To enable URLs as dynamic configuration sources, define System property archaius.configurationSource.additionalUrls or make config.properties available on classpath.
2020-11-02 13:21:13.029  WARN 7468 --- [restartedMain] ockingLoadBalancerClientRibbonWarnLogger : You already have RibbonLoadBalancerClient on your classpath. It will be used by default. As Spring Cloud Ribbon is in maintenance mode. We recommend switching to BlockingLoadBalancerClient instead. In order to use it, set the value of `spring.cloud.loadbalancer.ribbon.enabled` to `false` or remove spring-cloud-starter-netflix-ribbon from your project.
2020-11-02 13:21:13.258  INFO 7468 --- [restartedMain] o.s.c.n.eureka.InstanceInfoFactory       : Setting initial instance status as: STARTING
2020-11-02 13:21:13.330  INFO 7468 --- [restartedMain] com.netflix.discovery.DiscoveryClient    : Initializing Eureka in region us-east-1
2020-11-02 13:21:13.492  INFO 7468 --- [restartedMain] c.n.d.provider.DiscoveryJerseyProvider   : Using JSON encoding codec LegacyJacksonJson
2020-11-02 13:21:13.492  INFO 7468 --- [restartedMain] c.n.d.provider.DiscoveryJerseyProvider   : Using JSON decoding codec LegacyJacksonJson
2020-11-02 13:21:13.784  INFO 7468 --- [restartedMain] c.n.d.provider.DiscoveryJerseyProvider   : Using XML encoding codec XStreamXml
2020-11-02 13:21:13.784  INFO 7468 --- [restartedMain] c.n.d.provider.DiscoveryJerseyProvider   : Using XML decoding codec XStreamXml
2020-11-02 13:21:14.089  INFO 7468 --- [restartedMain] c.n.d.s.r.aws.ConfigClusterResolver      : Resolving eureka endpoints via configuration
2020-11-02 13:21:14.263  INFO 7468 --- [restartedMain] com.netflix.discovery.DiscoveryClient    : Disable delta property : false
2020-11-02 13:21:14.263  INFO 7468 --- [restartedMain] com.netflix.discovery.DiscoveryClient    : Single vip registry refresh property : null
2020-11-02 13:21:14.263  INFO 7468 --- [restartedMain] com.netflix.discovery.DiscoveryClient    : Force full registry fetch : false
2020-11-02 13:21:14.264  INFO 7468 --- [restartedMain] com.netflix.discovery.DiscoveryClient    : Application is null : false
2020-11-02 13:21:14.264  INFO 7468 --- [restartedMain] com.netflix.discovery.DiscoveryClient    : Registered Applications size is zero : true
2020-11-02 13:21:14.264  INFO 7468 --- [restartedMain] com.netflix.discovery.DiscoveryClient    : Application version is -1: true
2020-11-02 13:21:14.265  INFO 7468 --- [restartedMain] com.netflix.discovery.DiscoveryClient    : Getting all instance registry info from the eureka server
2020-11-02 13:21:14.593  INFO 7468 --- [restartedMain] com.netflix.discovery.DiscoveryClient    : The response status is 200
2020-11-02 13:21:14.600  INFO 7468 --- [restartedMain] com.netflix.discovery.DiscoveryClient    : Starting heartbeat executor: renew interval is: 30
2020-11-02 13:21:14.605  INFO 7468 --- [restartedMain] c.n.discovery.InstanceInfoReplicator     : InstanceInfoReplicator onDemand update allowed rate per min is 4
2020-11-02 13:21:14.613  INFO 7468 --- [restartedMain] com.netflix.discovery.DiscoveryClient    : Discovery Client initialized at timestamp 1604303474611 with initial instances count: 2
2020-11-02 13:21:14.628  INFO 7468 --- [restartedMain] o.s.c.n.e.s.EurekaServiceRegistry        : Registering application CANCEL-MGMT-SERVICE with eureka with status UP
2020-11-02 13:21:14.632  INFO 7468 --- [restartedMain] com.netflix.discovery.DiscoveryClient    : Saw local status change event StatusChangeEvent [timestamp=1604303474632, current=UP, previous=STARTING]
2020-11-02 13:21:14.634  WARN 7468 --- [restartedMain] c.n.discovery.InstanceInfoReplicator     : Ignoring onDemand update due to rate limiter
2020-11-02 13:21:14.641  INFO 7468 --- [DiscoveryClient-InstanceInfoReplicator-0] com.netflix.discovery.DiscoveryClient    : DiscoveryClient_CANCEL-MGMT-SERVICE/DESKTOP-DNE248H:cancel-mgmt-service:8008: registering service...
2020-11-02 13:21:14.702  INFO 7468 --- [DiscoveryClient-InstanceInfoReplicator-0] com.netflix.discovery.DiscoveryClient    : DiscoveryClient_CANCEL-MGMT-SERVICE/DESKTOP-DNE248H:cancel-mgmt-service:8008 - registration status: 204
2020-11-02 13:21:14.718  INFO 7468 --- [restartedMain] o.s.b.w.embedded.tomcat.TomcatWebServer  : Tomcat started on port(s): 8008 (http) with context path ''
2020-11-02 13:21:14.723  INFO 7468 --- [restartedMain] .s.c.n.e.s.EurekaAutoServiceRegistration : Updating port to 8008
2020-11-02 13:21:15.113  INFO 7468 --- [restartedMain] DeferredRepositoryInitializationListener : Triggering deferred initialization of Spring Data repositories…
2020-11-02 13:21:15.174  INFO 7468 --- [restartedMain] DeferredRepositoryInitializationListener : Spring Data repositories initialized!
2020-11-02 13:21:15.214  INFO 7468 --- [restartedMain] c.g.c.CancelManagementSystem             : Started CancelManagementSystem in 15.208 seconds (JVM running for 16.875)
2020-11-02 13:21:28.591  INFO 7468 --- [http-nio-8008-exec-2] o.a.c.c.C.[Tomcat].[localhost].[/]       : Initializing Spring DispatcherServlet 'dispatcherServlet'
2020-11-02 13:21:28.591  INFO 7468 --- [http-nio-8008-exec-2] o.s.web.servlet.DispatcherServlet        : Initializing Servlet 'dispatcherServlet'
2020-11-02 13:21:28.627  INFO 7468 --- [http-nio-8008-exec-2] o.s.web.servlet.DispatcherServlet        : Completed initialization in 35 ms
2020-11-02 13:22:53.031  INFO 7468 --- [RMI TCP Connection(2)-127.0.0.1] inMXBeanRegistrar$SpringApplicationAdmin : Application shutdown requested.
2020-11-02 13:22:53.034  INFO 7468 --- [RMI TCP Connection(2)-127.0.0.1] o.s.c.n.e.s.EurekaServiceRegistry        : Unregistering application CANCEL-MGMT-SERVICE with eureka with status DOWN
2020-11-02 13:22:53.035  WARN 7468 --- [RMI TCP Connection(2)-127.0.0.1] com.netflix.discovery.DiscoveryClient    : Saw local status change event StatusChangeEvent [timestamp=1604303573035, current=DOWN, previous=UP]
2020-11-02 13:22:53.041  WARN 7468 --- [DiscoveryClient-InstanceInfoReplicator-0] com.netflix.discovery.DiscoveryClient    : Saw local status change event StatusChangeEvent [timestamp=1604303573041, current=UP, previous=DOWN]
2020-11-02 13:22:53.041  INFO 7468 --- [DiscoveryClient-InstanceInfoReplicator-0] com.netflix.discovery.DiscoveryClient    : DiscoveryClient_CANCEL-MGMT-SERVICE/DESKTOP-DNE248H:cancel-mgmt-service:8008: registering service...
2020-11-02 13:22:53.049  INFO 7468 --- [DiscoveryClient-InstanceInfoReplicator-0] com.netflix.discovery.DiscoveryClient    : DiscoveryClient_CANCEL-MGMT-SERVICE/DESKTOP-DNE248H:cancel-mgmt-service:8008 - registration status: 204
2020-11-02 13:22:53.278  INFO 7468 --- [RMI TCP Connection(2)-127.0.0.1] o.apache.catalina.core.StandardService   : Stopping service [Tomcat]
2020-11-02 13:22:53.286  INFO 7468 --- [RMI TCP Connection(2)-127.0.0.1] o.a.c.c.C.[Tomcat].[localhost].[/]       : Destroying Spring FrameworkServlet 'dispatcherServlet'
2020-11-02 13:22:53.570  INFO 7468 --- [RMI TCP Connection(2)-127.0.0.1] j.LocalContainerEntityManagerFactoryBean : Closing JPA EntityManagerFactory for persistence unit 'default'
2020-11-02 13:22:53.575  INFO 7468 --- [RMI TCP Connection(2)-127.0.0.1] o.s.s.concurrent.ThreadPoolTaskExecutor  : Shutting down ExecutorService 'applicationTaskExecutor'
2020-11-02 13:22:53.579  INFO 7468 --- [RMI TCP Connection(2)-127.0.0.1] com.zaxxer.hikari.HikariDataSource       : HikariPool-1 - Shutdown initiated...
2020-11-02 13:22:53.662  INFO 7468 --- [RMI TCP Connection(2)-127.0.0.1] com.zaxxer.hikari.HikariDataSource       : HikariPool-1 - Shutdown completed.
2020-11-02 13:22:53.667  INFO 7468 --- [RMI TCP Connection(2)-127.0.0.1] com.netflix.discovery.DiscoveryClient    : Shutting down DiscoveryClient ...
2020-11-02 13:22:56.672  INFO 7468 --- [RMI TCP Connection(2)-127.0.0.1] com.netflix.discovery.DiscoveryClient    : Unregistering ...
2020-11-02 13:22:56.678  INFO 7468 --- [RMI TCP Connection(2)-127.0.0.1] com.netflix.discovery.DiscoveryClient    : DiscoveryClient_CANCEL-MGMT-SERVICE/DESKTOP-DNE248H:cancel-mgmt-service:8008 - deregister  status: 200
2020-11-02 13:22:56.705  INFO 7468 --- [RMI TCP Connection(2)-127.0.0.1] com.netflix.discovery.DiscoveryClient    : Completed shut down of DiscoveryClient
