2020-11-07 13:21:04.307  INFO 7872 --- [restartedMain] c.g.addtocart.AddToCartSystem            : No active profile set, falling back to default profiles: default
2020-11-07 13:21:06.792  INFO 7872 --- [restartedMain] .s.d.r.c.RepositoryConfigurationDelegate : Bootstrapping Spring Data JPA repositories in DEFERRED mode.
2020-11-07 13:21:06.934  INFO 7872 --- [restartedMain] .s.d.r.c.RepositoryConfigurationDelegate : Finished Spring Data repository scanning in 130ms. Found 3 JPA repository interfaces.
2020-11-07 13:21:07.317  WARN 7872 --- [restartedMain] o.s.boot.actuate.endpoint.EndpointId     : Endpoint ID 'service-registry' contains invalid characters, please migrate to a valid format.
2020-11-07 13:21:07.605  INFO 7872 --- [restartedMain] o.s.cloud.context.scope.GenericScope     : BeanFactory id=d8d637a2-85c0-33f2-a099-ca6893c71e80
2020-11-07 13:21:08.931  INFO 7872 --- [restartedMain] o.s.b.w.embedded.tomcat.TomcatWebServer  : Tomcat initialized with port(s): 8006 (http)
2020-11-07 13:21:08.946  INFO 7872 --- [restartedMain] o.apache.catalina.core.StandardService   : Starting service [Tomcat]
2020-11-07 13:21:08.947  INFO 7872 --- [restartedMain] org.apache.catalina.core.StandardEngine  : Starting Servlet engine: [Apache Tomcat/9.0.38]
2020-11-07 13:21:09.306  INFO 7872 --- [restartedMain] o.a.c.c.C.[Tomcat].[localhost].[/]       : Initializing Spring embedded WebApplicationContext
2020-11-07 13:21:09.307  INFO 7872 --- [restartedMain] w.s.c.ServletWebServerApplicationContext : Root WebApplicationContext: initialization completed in 4909 ms
2020-11-07 13:21:09.851  WARN 7872 --- [restartedMain] c.n.c.sources.URLConfigurationSource     : No URLs will be polled as dynamic configuration sources.
2020-11-07 13:21:09.851  INFO 7872 --- [restartedMain] c.n.c.sources.URLConfigurationSource     : To enable URLs as dynamic configuration sources, define System property archaius.configurationSource.additionalUrls or make config.properties available on classpath.
2020-11-07 13:21:09.874  INFO 7872 --- [restartedMain] c.netflix.config.DynamicPropertyFactory  : DynamicPropertyFactory is initialized with configuration sources: com.netflix.config.ConcurrentCompositeConfiguration@67d25462
2020-11-07 13:21:10.989  INFO 7872 --- [restartedMain] o.s.s.concurrent.ThreadPoolTaskExecutor  : Initializing ExecutorService 'applicationTaskExecutor'
2020-11-07 13:21:11.118  INFO 7872 --- [task-1] o.hibernate.jpa.internal.util.LogHelper  : HHH000204: Processing PersistenceUnitInfo [name: default]
2020-11-07 13:21:11.256  INFO 7872 --- [task-1] org.hibernate.Version                    : HHH000412: Hibernate ORM core version 5.4.21.Final
2020-11-07 13:21:11.618  INFO 7872 --- [task-1] o.hibernate.annotations.common.Version   : HCANN000001: Hibernate Commons Annotations {5.1.0.Final}
2020-11-07 13:21:11.856  INFO 7872 --- [task-1] com.zaxxer.hikari.HikariDataSource       : HikariPool-1 - Starting...
2020-11-07 13:21:12.886  WARN 7872 --- [restartedMain] JpaBaseConfiguration$JpaWebConfiguration : spring.jpa.open-in-view is enabled by default. Therefore, database queries may be performed during view rendering. Explicitly configure spring.jpa.open-in-view to disable this warning
2020-11-07 13:21:12.947  INFO 7872 --- [task-1] com.zaxxer.hikari.HikariDataSource       : HikariPool-1 - Start completed.
2020-11-07 13:21:13.041  INFO 7872 --- [task-1] org.hibernate.dialect.Dialect            : HHH000400: Using dialect: org.hibernate.dialect.MySQL8Dialect
2020-11-07 13:21:13.692  WARN 7872 --- [task-1] org.hibernate.mapping.RootClass          : HHH000038: Composite-id class does not override equals(): com.greatoutdoor.addtocart.model.Cart
2020-11-07 13:21:13.693  WARN 7872 --- [task-1] org.hibernate.mapping.RootClass          : HHH000039: Composite-id class does not override hashCode(): com.greatoutdoor.addtocart.model.Cart
2020-11-07 13:21:15.051  INFO 7872 --- [task-1] o.h.e.t.j.p.i.JtaPlatformInitiator       : HHH000490: Using JtaPlatform implementation: [org.hibernate.engine.transaction.jta.platform.internal.NoJtaPlatform]
2020-11-07 13:21:15.072  INFO 7872 --- [task-1] j.LocalContainerEntityManagerFactoryBean : Initialized JPA EntityManagerFactory for persistence unit 'default'
2020-11-07 13:21:17.985  INFO 7872 --- [restartedMain] o.s.b.a.e.web.EndpointLinksResolver      : Exposing 18 endpoint(s) beneath base path '/actuator'
2020-11-07 13:21:18.353  WARN 7872 --- [task-2] o.s.b.d.a.OptionalLiveReloadServer       : Unable to start LiveReload server
2020-11-07 13:21:18.733  WARN 7872 --- [restartedMain] c.n.c.sources.URLConfigurationSource     : No URLs will be polled as dynamic configuration sources.
2020-11-07 13:21:18.733  INFO 7872 --- [restartedMain] c.n.c.sources.URLConfigurationSource     : To enable URLs as dynamic configuration sources, define System property archaius.configurationSource.additionalUrls or make config.properties available on classpath.
2020-11-07 13:21:21.175  WARN 7872 --- [restartedMain] ockingLoadBalancerClientRibbonWarnLogger : You already have RibbonLoadBalancerClient on your classpath. It will be used by default. As Spring Cloud Ribbon is in maintenance mode. We recommend switching to BlockingLoadBalancerClient instead. In order to use it, set the value of `spring.cloud.loadbalancer.ribbon.enabled` to `false` or remove spring-cloud-starter-netflix-ribbon from your project.
2020-11-07 13:21:21.538  INFO 7872 --- [restartedMain] o.s.c.n.eureka.InstanceInfoFactory       : Setting initial instance status as: STARTING
2020-11-07 13:21:21.621  INFO 7872 --- [restartedMain] com.netflix.discovery.DiscoveryClient    : Initializing Eureka in region us-east-1
2020-11-07 13:21:21.807  INFO 7872 --- [restartedMain] c.n.d.provider.DiscoveryJerseyProvider   : Using JSON encoding codec LegacyJacksonJson
2020-11-07 13:21:21.808  INFO 7872 --- [restartedMain] c.n.d.provider.DiscoveryJerseyProvider   : Using JSON decoding codec LegacyJacksonJson
2020-11-07 13:21:22.083  INFO 7872 --- [restartedMain] c.n.d.provider.DiscoveryJerseyProvider   : Using XML encoding codec XStreamXml
2020-11-07 13:21:22.083  INFO 7872 --- [restartedMain] c.n.d.provider.DiscoveryJerseyProvider   : Using XML decoding codec XStreamXml
2020-11-07 13:21:22.513  INFO 7872 --- [restartedMain] c.n.d.s.r.aws.ConfigClusterResolver      : Resolving eureka endpoints via configuration
2020-11-07 13:21:22.684  INFO 7872 --- [restartedMain] com.netflix.discovery.DiscoveryClient    : Disable delta property : false
2020-11-07 13:21:22.684  INFO 7872 --- [restartedMain] com.netflix.discovery.DiscoveryClient    : Single vip registry refresh property : null
2020-11-07 13:21:22.686  INFO 7872 --- [restartedMain] com.netflix.discovery.DiscoveryClient    : Force full registry fetch : false
2020-11-07 13:21:22.686  INFO 7872 --- [restartedMain] com.netflix.discovery.DiscoveryClient    : Application is null : false
2020-11-07 13:21:22.687  INFO 7872 --- [restartedMain] com.netflix.discovery.DiscoveryClient    : Registered Applications size is zero : true
2020-11-07 13:21:22.688  INFO 7872 --- [restartedMain] com.netflix.discovery.DiscoveryClient    : Application version is -1: true
2020-11-07 13:21:22.690  INFO 7872 --- [restartedMain] com.netflix.discovery.DiscoveryClient    : Getting all instance registry info from the eureka server
2020-11-07 13:21:23.044  INFO 7872 --- [restartedMain] com.netflix.discovery.DiscoveryClient    : The response status is 200
2020-11-07 13:21:23.051  INFO 7872 --- [restartedMain] com.netflix.discovery.DiscoveryClient    : Starting heartbeat executor: renew interval is: 30
2020-11-07 13:21:23.057  INFO 7872 --- [restartedMain] c.n.discovery.InstanceInfoReplicator     : InstanceInfoReplicator onDemand update allowed rate per min is 4
2020-11-07 13:21:23.066  INFO 7872 --- [restartedMain] com.netflix.discovery.DiscoveryClient    : Discovery Client initialized at timestamp 1604735483064 with initial instances count: 1
2020-11-07 13:21:23.085  INFO 7872 --- [restartedMain] o.s.c.n.e.s.EurekaServiceRegistry        : Registering application ADD-TO-CART-SERVICE with eureka with status UP
2020-11-07 13:21:23.087  INFO 7872 --- [restartedMain] com.netflix.discovery.DiscoveryClient    : Saw local status change event StatusChangeEvent [timestamp=1604735483087, current=UP, previous=STARTING]
2020-11-07 13:21:23.088  WARN 7872 --- [restartedMain] c.n.discovery.InstanceInfoReplicator     : Ignoring onDemand update due to rate limiter
2020-11-07 13:21:23.095  INFO 7872 --- [DiscoveryClient-InstanceInfoReplicator-0] com.netflix.discovery.DiscoveryClient    : DiscoveryClient_ADD-TO-CART-SERVICE/DESKTOP-DNE248H:add-to-cart-service:8006: registering service...
2020-11-07 13:21:23.141  INFO 7872 --- [restartedMain] o.s.b.w.embedded.tomcat.TomcatWebServer  : Tomcat started on port(s): 8006 (http) with context path ''
2020-11-07 13:21:23.145  INFO 7872 --- [restartedMain] .s.c.n.e.s.EurekaAutoServiceRegistration : Updating port to 8006
2020-11-07 13:21:23.171  INFO 7872 --- [DiscoveryClient-InstanceInfoReplicator-0] com.netflix.discovery.DiscoveryClient    : DiscoveryClient_ADD-TO-CART-SERVICE/DESKTOP-DNE248H:add-to-cart-service:8006 - registration status: 204
2020-11-07 13:21:23.632  INFO 7872 --- [restartedMain] DeferredRepositoryInitializationListener : Triggering deferred initialization of Spring Data repositories…
2020-11-07 13:21:24.011  INFO 7872 --- [restartedMain] DeferredRepositoryInitializationListener : Spring Data repositories initialized!
2020-11-07 13:21:24.046  INFO 7872 --- [restartedMain] c.g.addtocart.AddToCartSystem            : Started AddToCartSystem in 21.516 seconds (JVM running for 23.116)
2020-11-07 13:26:22.700  INFO 7872 --- [AsyncResolver-bootstrap-executor-0] c.n.d.s.r.aws.ConfigClusterResolver      : Resolving eureka endpoints via configuration
2020-11-07 13:31:22.706  INFO 7872 --- [AsyncResolver-bootstrap-executor-0] c.n.d.s.r.aws.ConfigClusterResolver      : Resolving eureka endpoints via configuration
2020-11-07 13:36:22.709  INFO 7872 --- [AsyncResolver-bootstrap-executor-0] c.n.d.s.r.aws.ConfigClusterResolver      : Resolving eureka endpoints via configuration
2020-11-07 13:41:22.719  INFO 7872 --- [AsyncResolver-bootstrap-executor-0] c.n.d.s.r.aws.ConfigClusterResolver      : Resolving eureka endpoints via configuration
2020-11-07 13:46:22.724  INFO 7872 --- [AsyncResolver-bootstrap-executor-0] c.n.d.s.r.aws.ConfigClusterResolver      : Resolving eureka endpoints via configuration
2020-11-07 13:51:22.735  INFO 7872 --- [AsyncResolver-bootstrap-executor-0] c.n.d.s.r.aws.ConfigClusterResolver      : Resolving eureka endpoints via configuration
2020-11-07 13:56:22.741  INFO 7872 --- [AsyncResolver-bootstrap-executor-0] c.n.d.s.r.aws.ConfigClusterResolver      : Resolving eureka endpoints via configuration
2020-11-07 14:01:22.749  INFO 7872 --- [AsyncResolver-bootstrap-executor-0] c.n.d.s.r.aws.ConfigClusterResolver      : Resolving eureka endpoints via configuration
2020-11-07 14:06:22.754  INFO 7872 --- [AsyncResolver-bootstrap-executor-0] c.n.d.s.r.aws.ConfigClusterResolver      : Resolving eureka endpoints via configuration
2020-11-07 14:11:22.762  INFO 7872 --- [AsyncResolver-bootstrap-executor-0] c.n.d.s.r.aws.ConfigClusterResolver      : Resolving eureka endpoints via configuration
2020-11-07 14:16:22.771  INFO 7872 --- [AsyncResolver-bootstrap-executor-0] c.n.d.s.r.aws.ConfigClusterResolver      : Resolving eureka endpoints via configuration
2020-11-07 14:19:56.663  WARN 7872 --- [HikariPool-1 housekeeper] com.zaxxer.hikari.pool.HikariPool        : HikariPool-1 - Thread starvation or clock leap detected (housekeeper delta=1m50s164ms697µs658ns).
2020-11-07 14:22:35.859  INFO 7872 --- [AsyncResolver-bootstrap-executor-0] c.n.d.s.r.aws.ConfigClusterResolver      : Resolving eureka endpoints via configuration
2020-11-07 14:27:35.860  INFO 7872 --- [AsyncResolver-bootstrap-executor-0] c.n.d.s.r.aws.ConfigClusterResolver      : Resolving eureka endpoints via configuration
2020-11-07 14:32:35.863  INFO 7872 --- [AsyncResolver-bootstrap-executor-0] c.n.d.s.r.aws.ConfigClusterResolver      : Resolving eureka endpoints via configuration
2020-11-07 14:37:35.868  INFO 7872 --- [AsyncResolver-bootstrap-executor-0] c.n.d.s.r.aws.ConfigClusterResolver      : Resolving eureka endpoints via configuration
2020-11-07 14:42:35.886  INFO 7872 --- [AsyncResolver-bootstrap-executor-0] c.n.d.s.r.aws.ConfigClusterResolver      : Resolving eureka endpoints via configuration
2020-11-07 14:47:35.888  INFO 7872 --- [AsyncResolver-bootstrap-executor-0] c.n.d.s.r.aws.ConfigClusterResolver      : Resolving eureka endpoints via configuration
2020-11-07 14:52:35.890  INFO 7872 --- [AsyncResolver-bootstrap-executor-0] c.n.d.s.r.aws.ConfigClusterResolver      : Resolving eureka endpoints via configuration
2020-11-07 14:57:35.891  INFO 7872 --- [AsyncResolver-bootstrap-executor-0] c.n.d.s.r.aws.ConfigClusterResolver      : Resolving eureka endpoints via configuration
2020-11-07 15:02:35.893  INFO 7872 --- [AsyncResolver-bootstrap-executor-0] c.n.d.s.r.aws.ConfigClusterResolver      : Resolving eureka endpoints via configuration
2020-11-07 15:07:35.894  INFO 7872 --- [AsyncResolver-bootstrap-executor-0] c.n.d.s.r.aws.ConfigClusterResolver      : Resolving eureka endpoints via configuration
2020-11-07 15:12:35.895  INFO 7872 --- [AsyncResolver-bootstrap-executor-0] c.n.d.s.r.aws.ConfigClusterResolver      : Resolving eureka endpoints via configuration
2020-11-07 15:17:35.897  INFO 7872 --- [AsyncResolver-bootstrap-executor-0] c.n.d.s.r.aws.ConfigClusterResolver      : Resolving eureka endpoints via configuration
2020-11-07 15:22:35.898  INFO 7872 --- [AsyncResolver-bootstrap-executor-0] c.n.d.s.r.aws.ConfigClusterResolver      : Resolving eureka endpoints via configuration
2020-11-07 15:27:36.004  INFO 7872 --- [AsyncResolver-bootstrap-executor-0] c.n.d.s.r.aws.ConfigClusterResolver      : Resolving eureka endpoints via configuration
2020-11-07 15:32:36.006  INFO 7872 --- [AsyncResolver-bootstrap-executor-0] c.n.d.s.r.aws.ConfigClusterResolver      : Resolving eureka endpoints via configuration
2020-11-07 15:37:36.008  INFO 7872 --- [AsyncResolver-bootstrap-executor-0] c.n.d.s.r.aws.ConfigClusterResolver      : Resolving eureka endpoints via configuration
2020-11-07 15:42:36.009  INFO 7872 --- [AsyncResolver-bootstrap-executor-0] c.n.d.s.r.aws.ConfigClusterResolver      : Resolving eureka endpoints via configuration
2020-11-07 15:45:45.497  INFO 7872 --- [http-nio-8006-exec-2] o.a.c.c.C.[Tomcat].[localhost].[/]       : Initializing Spring DispatcherServlet 'dispatcherServlet'
2020-11-07 15:45:45.498  INFO 7872 --- [http-nio-8006-exec-2] o.s.web.servlet.DispatcherServlet        : Initializing Servlet 'dispatcherServlet'
2020-11-07 15:45:45.750  INFO 7872 --- [http-nio-8006-exec-2] o.s.web.servlet.DispatcherServlet        : Completed initialization in 252 ms
2020-11-07 15:45:46.495  WARN 7872 --- [http-nio-8006-exec-2] .m.m.a.ExceptionHandlerExceptionResolver : Resolved [com.greatoutdoor.addtocart.exception.NullParameterException: User Id is Incorrect]
2020-11-07 15:46:44.830  WARN 7872 --- [http-nio-8006-exec-5] .m.m.a.ExceptionHandlerExceptionResolver : Resolved [com.greatoutdoor.addtocart.exception.NullParameterException: User Id is Incorrect]
2020-11-07 15:47:36.017  INFO 7872 --- [AsyncResolver-bootstrap-executor-0] c.n.d.s.r.aws.ConfigClusterResolver      : Resolving eureka endpoints via configuration
2020-11-07 15:48:10.076  WARN 7872 --- [http-nio-8006-exec-7] .m.m.a.ExceptionHandlerExceptionResolver : Resolved [com.greatoutdoor.addtocart.exception.NullParameterException: User Id is Incorrect]
2020-11-07 15:48:20.944  WARN 7872 --- [http-nio-8006-exec-9] .m.m.a.ExceptionHandlerExceptionResolver : Resolved [com.greatoutdoor.addtocart.exception.ProductNotFoundException: Product Not Found in the Cart]
2020-11-07 15:48:23.427  WARN 7872 --- [http-nio-8006-exec-3] .m.m.a.ExceptionHandlerExceptionResolver : Resolved [com.greatoutdoor.addtocart.exception.ProductNotFoundException: Product Not Found in the Cart]
2020-11-07 15:48:44.840  WARN 7872 --- [http-nio-8006-exec-1] .m.m.a.ExceptionHandlerExceptionResolver : Resolved [com.greatoutdoor.addtocart.exception.NullParameterException: User Id is Incorrect]
2020-11-07 15:50:59.318  WARN 7872 --- [http-nio-8006-exec-2] .m.m.a.ExceptionHandlerExceptionResolver : Resolved [com.greatoutdoor.addtocart.exception.ProductNotFoundException: Product Not Found in the Cart]
2020-11-07 15:52:36.025  INFO 7872 --- [AsyncResolver-bootstrap-executor-0] c.n.d.s.r.aws.ConfigClusterResolver      : Resolving eureka endpoints via configuration
2020-11-07 15:56:03.099  WARN 7872 --- [http-nio-8006-exec-4] .m.m.a.ExceptionHandlerExceptionResolver : Resolved [com.greatoutdoor.addtocart.exception.NullParameterException: User Id is Incorrect]
2020-11-07 15:56:06.621  WARN 7872 --- [http-nio-8006-exec-5] .m.m.a.ExceptionHandlerExceptionResolver : Resolved [com.greatoutdoor.addtocart.exception.ProductNotFoundException: Product Not Found in the Cart]
2020-11-07 15:56:09.482  WARN 7872 --- [http-nio-8006-exec-6] .m.m.a.ExceptionHandlerExceptionResolver : Resolved [com.greatoutdoor.addtocart.exception.ProductNotFoundException: Product Not Found in the Cart]
2020-11-07 15:57:36.032  INFO 7872 --- [AsyncResolver-bootstrap-executor-0] c.n.d.s.r.aws.ConfigClusterResolver      : Resolving eureka endpoints via configuration
2020-11-07 16:02:36.040  INFO 7872 --- [AsyncResolver-bootstrap-executor-0] c.n.d.s.r.aws.ConfigClusterResolver      : Resolving eureka endpoints via configuration
2020-11-07 16:07:36.053  INFO 7872 --- [AsyncResolver-bootstrap-executor-0] c.n.d.s.r.aws.ConfigClusterResolver      : Resolving eureka endpoints via configuration
2020-11-07 16:12:36.065  INFO 7872 --- [AsyncResolver-bootstrap-executor-0] c.n.d.s.r.aws.ConfigClusterResolver      : Resolving eureka endpoints via configuration
2020-11-07 16:17:36.209  INFO 7872 --- [AsyncResolver-bootstrap-executor-0] c.n.d.s.r.aws.ConfigClusterResolver      : Resolving eureka endpoints via configuration
2020-11-07 16:20:02.607  WARN 7872 --- [http-nio-8006-exec-9] .m.m.a.ExceptionHandlerExceptionResolver : Resolved [com.greatoutdoor.addtocart.exception.ProductNotFoundException: Product Not Found in the Cart]
2020-11-07 16:22:36.210  INFO 7872 --- [AsyncResolver-bootstrap-executor-0] c.n.d.s.r.aws.ConfigClusterResolver      : Resolving eureka endpoints via configuration
2020-11-07 16:27:36.213  INFO 7872 --- [AsyncResolver-bootstrap-executor-0] c.n.d.s.r.aws.ConfigClusterResolver      : Resolving eureka endpoints via configuration
2020-11-07 16:30:00.033  INFO 7872 --- [Thread-2] o.s.c.n.e.s.EurekaServiceRegistry        : Unregistering application ADD-TO-CART-SERVICE with eureka with status DOWN
2020-11-07 16:30:00.035  WARN 7872 --- [Thread-2] com.netflix.discovery.DiscoveryClient    : Saw local status change event StatusChangeEvent [timestamp=1604746800035, current=DOWN, previous=UP]
2020-11-07 16:30:00.042  WARN 7872 --- [DiscoveryClient-InstanceInfoReplicator-0] com.netflix.discovery.DiscoveryClient    : Saw local status change event StatusChangeEvent [timestamp=1604746800042, current=UP, previous=DOWN]
2020-11-07 16:30:00.043  INFO 7872 --- [DiscoveryClient-InstanceInfoReplicator-0] com.netflix.discovery.DiscoveryClient    : DiscoveryClient_ADD-TO-CART-SERVICE/DESKTOP-DNE248H:add-to-cart-service:8006: registering service...
2020-11-07 16:30:00.092  INFO 7872 --- [DiscoveryClient-InstanceInfoReplicator-0] com.netflix.discovery.DiscoveryClient    : DiscoveryClient_ADD-TO-CART-SERVICE/DESKTOP-DNE248H:add-to-cart-service:8006 - registration status: 204
2020-11-07 16:30:01.557  INFO 7872 --- [Thread-2] j.LocalContainerEntityManagerFactoryBean : Closing JPA EntityManagerFactory for persistence unit 'default'
2020-11-07 16:30:01.582  INFO 7872 --- [Thread-2] o.s.s.concurrent.ThreadPoolTaskExecutor  : Shutting down ExecutorService 'applicationTaskExecutor'
2020-11-07 16:30:01.595  INFO 7872 --- [Thread-2] com.zaxxer.hikari.HikariDataSource       : HikariPool-1 - Shutdown initiated...
2020-11-07 16:30:01.620  INFO 7872 --- [Thread-2] com.zaxxer.hikari.HikariDataSource       : HikariPool-1 - Shutdown completed.
2020-11-07 16:30:01.625  INFO 7872 --- [Thread-2] com.netflix.discovery.DiscoveryClient    : Shutting down DiscoveryClient ...
2020-11-07 16:30:04.634  INFO 7872 --- [Thread-2] com.netflix.discovery.DiscoveryClient    : Unregistering ...
2020-11-07 16:30:04.758  INFO 7872 --- [Thread-2] com.netflix.discovery.DiscoveryClient    : DiscoveryClient_ADD-TO-CART-SERVICE/DESKTOP-DNE248H:add-to-cart-service:8006 - deregister  status: 200
2020-11-07 16:30:04.808  INFO 7872 --- [Thread-2] com.netflix.discovery.DiscoveryClient    : Completed shut down of DiscoveryClient
2020-11-07 16:30:06.926  INFO 7872 --- [restartedMain] c.g.addtocart.AddToCartSystem            : No active profile set, falling back to default profiles: default
2020-11-07 16:30:08.714  INFO 7872 --- [restartedMain] .s.d.r.c.RepositoryConfigurationDelegate : Bootstrapping Spring Data JPA repositories in DEFERRED mode.
2020-11-07 16:30:08.767  INFO 7872 --- [restartedMain] .s.d.r.c.RepositoryConfigurationDelegate : Finished Spring Data repository scanning in 52ms. Found 3 JPA repository interfaces.
2020-11-07 16:30:09.126  INFO 7872 --- [restartedMain] o.s.cloud.context.scope.GenericScope     : BeanFactory id=d8d637a2-85c0-33f2-a099-ca6893c71e80
2020-11-07 16:30:09.798  INFO 7872 --- [restartedMain] o.s.b.w.embedded.tomcat.TomcatWebServer  : Tomcat initialized with port(s): 8006 (http)
2020-11-07 16:30:09.799  INFO 7872 --- [restartedMain] o.apache.catalina.core.StandardService   : Starting service [Tomcat]
2020-11-07 16:30:09.800  INFO 7872 --- [restartedMain] org.apache.catalina.core.StandardEngine  : Starting Servlet engine: [Apache Tomcat/9.0.38]
2020-11-07 16:30:09.842  INFO 7872 --- [restartedMain] o.a.c.c.C.[Tomcat].[localhost].[/]       : Initializing Spring embedded WebApplicationContext
2020-11-07 16:30:09.843  INFO 7872 --- [restartedMain] w.s.c.ServletWebServerApplicationContext : Root WebApplicationContext: initialization completed in 2907 ms
2020-11-07 16:30:10.174  INFO 7872 --- [restartedMain] o.s.s.concurrent.ThreadPoolTaskExecutor  : Initializing ExecutorService 'applicationTaskExecutor'
2020-11-07 16:30:10.192  INFO 7872 --- [task-1] o.hibernate.jpa.internal.util.LogHelper  : HHH000204: Processing PersistenceUnitInfo [name: default]
2020-11-07 16:30:10.221  INFO 7872 --- [task-1] com.zaxxer.hikari.HikariDataSource       : HikariPool-2 - Starting...
2020-11-07 16:30:10.280  INFO 7872 --- [task-1] com.zaxxer.hikari.HikariDataSource       : HikariPool-2 - Start completed.
2020-11-07 16:30:10.280  INFO 7872 --- [task-1] org.hibernate.dialect.Dialect            : HHH000400: Using dialect: org.hibernate.dialect.MySQL8Dialect
2020-11-07 16:30:10.395  WARN 7872 --- [task-1] org.hibernate.mapping.RootClass          : HHH000038: Composite-id class does not override equals(): com.greatoutdoor.addtocart.model.Cart
2020-11-07 16:30:10.395  WARN 7872 --- [task-1] org.hibernate.mapping.RootClass          : HHH000039: Composite-id class does not override hashCode(): com.greatoutdoor.addtocart.model.Cart
2020-11-07 16:30:10.634  INFO 7872 --- [task-1] o.h.e.t.j.p.i.JtaPlatformInitiator       : HHH000490: Using JtaPlatform implementation: [org.hibernate.engine.transaction.jta.platform.internal.NoJtaPlatform]
2020-11-07 16:30:10.635  INFO 7872 --- [task-1] j.LocalContainerEntityManagerFactoryBean : Initialized JPA EntityManagerFactory for persistence unit 'default'
2020-11-07 16:30:10.704  WARN 7872 --- [task-2] o.s.b.d.a.OptionalLiveReloadServer       : Unable to start LiveReload server
2020-11-07 16:30:11.015  WARN 7872 --- [restartedMain] JpaBaseConfiguration$JpaWebConfiguration : spring.jpa.open-in-view is enabled by default. Therefore, database queries may be performed during view rendering. Explicitly configure spring.jpa.open-in-view to disable this warning
2020-11-07 16:30:11.795  INFO 7872 --- [restartedMain] o.s.b.a.e.web.EndpointLinksResolver      : Exposing 18 endpoint(s) beneath base path '/actuator'
2020-11-07 16:30:11.871  WARN 7872 --- [restartedMain] c.n.c.sources.URLConfigurationSource     : No URLs will be polled as dynamic configuration sources.
2020-11-07 16:30:11.871  INFO 7872 --- [restartedMain] c.n.c.sources.URLConfigurationSource     : To enable URLs as dynamic configuration sources, define System property archaius.configurationSource.additionalUrls or make config.properties available on classpath.
2020-11-07 16:30:12.414  WARN 7872 --- [restartedMain] ockingLoadBalancerClientRibbonWarnLogger : You already have RibbonLoadBalancerClient on your classpath. It will be used by default. As Spring Cloud Ribbon is in maintenance mode. We recommend switching to BlockingLoadBalancerClient instead. In order to use it, set the value of `spring.cloud.loadbalancer.ribbon.enabled` to `false` or remove spring-cloud-starter-netflix-ribbon from your project.
2020-11-07 16:30:12.534  INFO 7872 --- [restartedMain] o.s.c.n.eureka.InstanceInfoFactory       : Setting initial instance status as: STARTING
2020-11-07 16:30:12.541  INFO 7872 --- [restartedMain] com.netflix.discovery.DiscoveryClient    : Initializing Eureka in region us-east-1
2020-11-07 16:30:12.545  INFO 7872 --- [restartedMain] c.n.d.provider.DiscoveryJerseyProvider   : Using JSON encoding codec LegacyJacksonJson
2020-11-07 16:30:12.546  INFO 7872 --- [restartedMain] c.n.d.provider.DiscoveryJerseyProvider   : Using JSON decoding codec LegacyJacksonJson
2020-11-07 16:30:12.546  INFO 7872 --- [restartedMain] c.n.d.provider.DiscoveryJerseyProvider   : Using XML encoding codec XStreamXml
2020-11-07 16:30:12.547  INFO 7872 --- [restartedMain] c.n.d.provider.DiscoveryJerseyProvider   : Using XML decoding codec XStreamXml
2020-11-07 16:30:12.717  INFO 7872 --- [restartedMain] c.n.d.s.r.aws.ConfigClusterResolver      : Resolving eureka endpoints via configuration
2020-11-07 16:30:12.718  INFO 7872 --- [restartedMain] com.netflix.discovery.DiscoveryClient    : Disable delta property : false
2020-11-07 16:30:12.719  INFO 7872 --- [restartedMain] com.netflix.discovery.DiscoveryClient    : Single vip registry refresh property : null
2020-11-07 16:30:12.719  INFO 7872 --- [restartedMain] com.netflix.discovery.DiscoveryClient    : Force full registry fetch : false
2020-11-07 16:30:12.719  INFO 7872 --- [restartedMain] com.netflix.discovery.DiscoveryClient    : Application is null : false
2020-11-07 16:30:12.719  INFO 7872 --- [restartedMain] com.netflix.discovery.DiscoveryClient    : Registered Applications size is zero : true
2020-11-07 16:30:12.719  INFO 7872 --- [restartedMain] com.netflix.discovery.DiscoveryClient    : Application version is -1: true
2020-11-07 16:30:12.720  INFO 7872 --- [restartedMain] com.netflix.discovery.DiscoveryClient    : Getting all instance registry info from the eureka server
2020-11-07 16:30:13.089  INFO 7872 --- [restartedMain] com.netflix.discovery.DiscoveryClient    : The response status is 200
2020-11-07 16:30:13.090  INFO 7872 --- [restartedMain] com.netflix.discovery.DiscoveryClient    : Starting heartbeat executor: renew interval is: 30
2020-11-07 16:30:13.091  INFO 7872 --- [restartedMain] c.n.discovery.InstanceInfoReplicator     : InstanceInfoReplicator onDemand update allowed rate per min is 4
2020-11-07 16:30:13.092  INFO 7872 --- [restartedMain] com.netflix.discovery.DiscoveryClient    : Discovery Client initialized at timestamp 1604746813092 with initial instances count: 3
2020-11-07 16:30:13.095  INFO 7872 --- [restartedMain] o.s.c.n.e.s.EurekaServiceRegistry        : Registering application ADD-TO-CART-SERVICE with eureka with status UP
2020-11-07 16:30:13.095  INFO 7872 --- [restartedMain] com.netflix.discovery.DiscoveryClient    : Saw local status change event StatusChangeEvent [timestamp=1604746813095, current=UP, previous=STARTING]
2020-11-07 16:30:13.096  WARN 7872 --- [restartedMain] c.n.discovery.InstanceInfoReplicator     : Ignoring onDemand update due to rate limiter
2020-11-07 16:30:13.102  INFO 7872 --- [DiscoveryClient-InstanceInfoReplicator-0] com.netflix.discovery.DiscoveryClient    : DiscoveryClient_ADD-TO-CART-SERVICE/DESKTOP-DNE248H:add-to-cart-service:8006: registering service...
2020-11-07 16:30:13.105  INFO 7872 --- [restartedMain] o.s.b.w.embedded.tomcat.TomcatWebServer  : Tomcat started on port(s): 8006 (http) with context path ''
2020-11-07 16:30:13.106  INFO 7872 --- [restartedMain] .s.c.n.e.s.EurekaAutoServiceRegistration : Updating port to 8006
2020-11-07 16:30:13.112  INFO 7872 --- [DiscoveryClient-InstanceInfoReplicator-0] com.netflix.discovery.DiscoveryClient    : DiscoveryClient_ADD-TO-CART-SERVICE/DESKTOP-DNE248H:add-to-cart-service:8006 - registration status: 204
2020-11-07 16:30:13.337  INFO 7872 --- [restartedMain] DeferredRepositoryInitializationListener : Triggering deferred initialization of Spring Data repositories…
2020-11-07 16:30:13.387  INFO 7872 --- [restartedMain] DeferredRepositoryInitializationListener : Spring Data repositories initialized!
2020-11-07 16:30:13.408  INFO 7872 --- [restartedMain] c.g.addtocart.AddToCartSystem            : Started AddToCartSystem in 7.378 seconds (JVM running for 11359.563)
2020-11-07 16:30:13.415  INFO 7872 --- [restartedMain] .ConditionEvaluationDeltaLoggingListener : Condition evaluation unchanged
2020-11-07 16:35:12.721  INFO 7872 --- [AsyncResolver-bootstrap-executor-0] c.n.d.s.r.aws.ConfigClusterResolver      : Resolving eureka endpoints via configuration
2020-11-07 16:39:51.663  INFO 7872 --- [Thread-10] o.s.c.n.e.s.EurekaServiceRegistry        : Unregistering application ADD-TO-CART-SERVICE with eureka with status DOWN
2020-11-07 16:39:51.663  WARN 7872 --- [Thread-10] com.netflix.discovery.DiscoveryClient    : Saw local status change event StatusChangeEvent [timestamp=1604747391663, current=DOWN, previous=UP]
2020-11-07 16:39:51.667  WARN 7872 --- [DiscoveryClient-InstanceInfoReplicator-0] com.netflix.discovery.DiscoveryClient    : Saw local status change event StatusChangeEvent [timestamp=1604747391667, current=UP, previous=DOWN]
2020-11-07 16:39:51.668  INFO 7872 --- [DiscoveryClient-InstanceInfoReplicator-0] com.netflix.discovery.DiscoveryClient    : DiscoveryClient_ADD-TO-CART-SERVICE/DESKTOP-DNE248H:add-to-cart-service:8006: registering service...
2020-11-07 16:39:51.674  INFO 7872 --- [DiscoveryClient-InstanceInfoReplicator-0] com.netflix.discovery.DiscoveryClient    : DiscoveryClient_ADD-TO-CART-SERVICE/DESKTOP-DNE248H:add-to-cart-service:8006 - registration status: 204
2020-11-07 16:39:51.855  INFO 7872 --- [Thread-10] j.LocalContainerEntityManagerFactoryBean : Closing JPA EntityManagerFactory for persistence unit 'default'
2020-11-07 16:39:51.856  INFO 7872 --- [Thread-10] o.s.s.concurrent.ThreadPoolTaskExecutor  : Shutting down ExecutorService 'applicationTaskExecutor'
2020-11-07 16:39:51.857  INFO 7872 --- [Thread-10] com.zaxxer.hikari.HikariDataSource       : HikariPool-2 - Shutdown initiated...
2020-11-07 16:39:51.869  INFO 7872 --- [Thread-10] com.zaxxer.hikari.HikariDataSource       : HikariPool-2 - Shutdown completed.
2020-11-07 16:39:51.870  INFO 7872 --- [Thread-10] com.netflix.discovery.DiscoveryClient    : Shutting down DiscoveryClient ...
2020-11-07 16:39:54.878  INFO 7872 --- [Thread-10] com.netflix.discovery.DiscoveryClient    : Unregistering ...
2020-11-07 16:39:54.892  INFO 7872 --- [Thread-10] com.netflix.discovery.DiscoveryClient    : DiscoveryClient_ADD-TO-CART-SERVICE/DESKTOP-DNE248H:add-to-cart-service:8006 - deregister  status: 200
2020-11-07 16:39:54.910  INFO 7872 --- [Thread-10] com.netflix.discovery.DiscoveryClient    : Completed shut down of DiscoveryClient
2020-11-07 16:39:56.261  INFO 7872 --- [restartedMain] c.g.addtocart.AddToCartSystem            : No active profile set, falling back to default profiles: default
2020-11-07 16:39:57.621  INFO 7872 --- [restartedMain] .s.d.r.c.RepositoryConfigurationDelegate : Bootstrapping Spring Data JPA repositories in DEFERRED mode.
2020-11-07 16:39:57.659  INFO 7872 --- [restartedMain] .s.d.r.c.RepositoryConfigurationDelegate : Finished Spring Data repository scanning in 37ms. Found 3 JPA repository interfaces.
2020-11-07 16:39:57.875  INFO 7872 --- [restartedMain] o.s.cloud.context.scope.GenericScope     : BeanFactory id=d8d637a2-85c0-33f2-a099-ca6893c71e80
2020-11-07 16:39:58.266  INFO 7872 --- [restartedMain] o.s.b.w.embedded.tomcat.TomcatWebServer  : Tomcat initialized with port(s): 8006 (http)
2020-11-07 16:39:58.266  INFO 7872 --- [restartedMain] o.apache.catalina.core.StandardService   : Starting service [Tomcat]
2020-11-07 16:39:58.267  INFO 7872 --- [restartedMain] org.apache.catalina.core.StandardEngine  : Starting Servlet engine: [Apache Tomcat/9.0.38]
2020-11-07 16:39:58.304  INFO 7872 --- [restartedMain] o.a.c.c.C.[Tomcat].[localhost].[/]       : Initializing Spring embedded WebApplicationContext
2020-11-07 16:39:58.304  INFO 7872 --- [restartedMain] w.s.c.ServletWebServerApplicationContext : Root WebApplicationContext: initialization completed in 2036 ms
2020-11-07 16:39:58.560  INFO 7872 --- [restartedMain] o.s.s.concurrent.ThreadPoolTaskExecutor  : Initializing ExecutorService 'applicationTaskExecutor'
2020-11-07 16:39:58.573  INFO 7872 --- [task-1] o.hibernate.jpa.internal.util.LogHelper  : HHH000204: Processing PersistenceUnitInfo [name: default]
2020-11-07 16:39:58.587  INFO 7872 --- [task-1] com.zaxxer.hikari.HikariDataSource       : HikariPool-3 - Starting...
2020-11-07 16:39:58.612  INFO 7872 --- [task-1] com.zaxxer.hikari.HikariDataSource       : HikariPool-3 - Start completed.
2020-11-07 16:39:58.613  INFO 7872 --- [task-1] org.hibernate.dialect.Dialect            : HHH000400: Using dialect: org.hibernate.dialect.MySQL8Dialect
2020-11-07 16:39:58.639  WARN 7872 --- [task-1] org.hibernate.mapping.RootClass          : HHH000038: Composite-id class does not override equals(): com.greatoutdoor.addtocart.model.Cart
2020-11-07 16:39:58.639  WARN 7872 --- [task-1] org.hibernate.mapping.RootClass          : HHH000039: Composite-id class does not override hashCode(): com.greatoutdoor.addtocart.model.Cart
2020-11-07 16:39:58.843  INFO 7872 --- [task-1] o.h.e.t.j.p.i.JtaPlatformInitiator       : HHH000490: Using JtaPlatform implementation: [org.hibernate.engine.transaction.jta.platform.internal.NoJtaPlatform]
2020-11-07 16:39:58.844  INFO 7872 --- [task-1] j.LocalContainerEntityManagerFactoryBean : Initialized JPA EntityManagerFactory for persistence unit 'default'
2020-11-07 16:39:58.928  WARN 7872 --- [task-2] o.s.b.d.a.OptionalLiveReloadServer       : Unable to start LiveReload server
2020-11-07 16:39:59.198  WARN 7872 --- [restartedMain] JpaBaseConfiguration$JpaWebConfiguration : spring.jpa.open-in-view is enabled by default. Therefore, database queries may be performed during view rendering. Explicitly configure spring.jpa.open-in-view to disable this warning
2020-11-07 16:39:59.759  INFO 7872 --- [restartedMain] o.s.b.a.e.web.EndpointLinksResolver      : Exposing 18 endpoint(s) beneath base path '/actuator'
2020-11-07 16:39:59.822  WARN 7872 --- [restartedMain] c.n.c.sources.URLConfigurationSource     : No URLs will be polled as dynamic configuration sources.
2020-11-07 16:39:59.826  INFO 7872 --- [restartedMain] c.n.c.sources.URLConfigurationSource     : To enable URLs as dynamic configuration sources, define System property archaius.configurationSource.additionalUrls or make config.properties available on classpath.
2020-11-07 16:40:00.373  WARN 7872 --- [restartedMain] ockingLoadBalancerClientRibbonWarnLogger : You already have RibbonLoadBalancerClient on your classpath. It will be used by default. As Spring Cloud Ribbon is in maintenance mode. We recommend switching to BlockingLoadBalancerClient instead. In order to use it, set the value of `spring.cloud.loadbalancer.ribbon.enabled` to `false` or remove spring-cloud-starter-netflix-ribbon from your project.
2020-11-07 16:40:00.448  INFO 7872 --- [restartedMain] o.s.c.n.eureka.InstanceInfoFactory       : Setting initial instance status as: STARTING
2020-11-07 16:40:00.450  INFO 7872 --- [restartedMain] com.netflix.discovery.DiscoveryClient    : Initializing Eureka in region us-east-1
2020-11-07 16:40:00.453  INFO 7872 --- [restartedMain] c.n.d.provider.DiscoveryJerseyProvider   : Using JSON encoding codec LegacyJacksonJson
2020-11-07 16:40:00.453  INFO 7872 --- [restartedMain] c.n.d.provider.DiscoveryJerseyProvider   : Using JSON decoding codec LegacyJacksonJson
2020-11-07 16:40:00.453  INFO 7872 --- [restartedMain] c.n.d.provider.DiscoveryJerseyProvider   : Using XML encoding codec XStreamXml
2020-11-07 16:40:00.453  INFO 7872 --- [restartedMain] c.n.d.provider.DiscoveryJerseyProvider   : Using XML decoding codec XStreamXml
2020-11-07 16:40:00.559  INFO 7872 --- [restartedMain] c.n.d.s.r.aws.ConfigClusterResolver      : Resolving eureka endpoints via configuration
2020-11-07 16:40:00.560  INFO 7872 --- [restartedMain] com.netflix.discovery.DiscoveryClient    : Disable delta property : false
2020-11-07 16:40:00.561  INFO 7872 --- [restartedMain] com.netflix.discovery.DiscoveryClient    : Single vip registry refresh property : null
2020-11-07 16:40:00.561  INFO 7872 --- [restartedMain] com.netflix.discovery.DiscoveryClient    : Force full registry fetch : false
2020-11-07 16:40:00.561  INFO 7872 --- [restartedMain] com.netflix.discovery.DiscoveryClient    : Application is null : false
2020-11-07 16:40:00.561  INFO 7872 --- [restartedMain] com.netflix.discovery.DiscoveryClient    : Registered Applications size is zero : true
2020-11-07 16:40:00.561  INFO 7872 --- [restartedMain] com.netflix.discovery.DiscoveryClient    : Application version is -1: true
2020-11-07 16:40:00.561  INFO 7872 --- [restartedMain] com.netflix.discovery.DiscoveryClient    : Getting all instance registry info from the eureka server
2020-11-07 16:40:00.564  INFO 7872 --- [restartedMain] com.netflix.discovery.DiscoveryClient    : The response status is 200
2020-11-07 16:40:00.565  INFO 7872 --- [restartedMain] com.netflix.discovery.DiscoveryClient    : Starting heartbeat executor: renew interval is: 30
2020-11-07 16:40:00.565  INFO 7872 --- [restartedMain] c.n.discovery.InstanceInfoReplicator     : InstanceInfoReplicator onDemand update allowed rate per min is 4
2020-11-07 16:40:00.567  INFO 7872 --- [restartedMain] com.netflix.discovery.DiscoveryClient    : Discovery Client initialized at timestamp 1604747400567 with initial instances count: 3
2020-11-07 16:40:00.571  INFO 7872 --- [restartedMain] o.s.c.n.e.s.EurekaServiceRegistry        : Registering application ADD-TO-CART-SERVICE with eureka with status UP
2020-11-07 16:40:00.571  INFO 7872 --- [restartedMain] com.netflix.discovery.DiscoveryClient    : Saw local status change event StatusChangeEvent [timestamp=1604747400571, current=UP, previous=STARTING]
2020-11-07 16:40:00.583  WARN 7872 --- [restartedMain] c.n.discovery.InstanceInfoReplicator     : Ignoring onDemand update due to rate limiter
2020-11-07 16:40:00.584  INFO 7872 --- [DiscoveryClient-InstanceInfoReplicator-0] com.netflix.discovery.DiscoveryClient    : DiscoveryClient_ADD-TO-CART-SERVICE/DESKTOP-DNE248H:add-to-cart-service:8006: registering service...
2020-11-07 16:40:00.589  INFO 7872 --- [restartedMain] o.s.b.w.embedded.tomcat.TomcatWebServer  : Tomcat started on port(s): 8006 (http) with context path ''
2020-11-07 16:40:00.590  INFO 7872 --- [restartedMain] .s.c.n.e.s.EurekaAutoServiceRegistration : Updating port to 8006
2020-11-07 16:40:00.600  INFO 7872 --- [DiscoveryClient-InstanceInfoReplicator-0] com.netflix.discovery.DiscoveryClient    : DiscoveryClient_ADD-TO-CART-SERVICE/DESKTOP-DNE248H:add-to-cart-service:8006 - registration status: 204
2020-11-07 16:40:00.859  INFO 7872 --- [restartedMain] DeferredRepositoryInitializationListener : Triggering deferred initialization of Spring Data repositories…
2020-11-07 16:40:00.919  INFO 7872 --- [restartedMain] DeferredRepositoryInitializationListener : Spring Data repositories initialized!
2020-11-07 16:40:00.935  INFO 7872 --- [restartedMain] c.g.addtocart.AddToCartSystem            : Started AddToCartSystem in 5.213 seconds (JVM running for 11947.089)
2020-11-07 16:40:00.941  INFO 7872 --- [restartedMain] .ConditionEvaluationDeltaLoggingListener : Condition evaluation unchanged
2020-11-07 16:45:00.564  INFO 7872 --- [AsyncResolver-bootstrap-executor-0] c.n.d.s.r.aws.ConfigClusterResolver      : Resolving eureka endpoints via configuration
2020-11-07 16:45:33.604  INFO 7872 --- [http-nio-8006-exec-1] o.a.c.c.C.[Tomcat].[localhost].[/]       : Initializing Spring DispatcherServlet 'dispatcherServlet'
2020-11-07 16:45:33.604  INFO 7872 --- [http-nio-8006-exec-1] o.s.web.servlet.DispatcherServlet        : Initializing Servlet 'dispatcherServlet'
2020-11-07 16:45:33.619  INFO 7872 --- [http-nio-8006-exec-1] o.s.web.servlet.DispatcherServlet        : Completed initialization in 15 ms
2020-11-07 16:50:00.568  INFO 7872 --- [AsyncResolver-bootstrap-executor-0] c.n.d.s.r.aws.ConfigClusterResolver      : Resolving eureka endpoints via configuration
2020-11-07 16:55:00.571  INFO 7872 --- [AsyncResolver-bootstrap-executor-0] c.n.d.s.r.aws.ConfigClusterResolver      : Resolving eureka endpoints via configuration
2020-11-07 16:56:46.664  INFO 7872 --- [Thread-18] o.s.c.n.e.s.EurekaServiceRegistry        : Unregistering application ADD-TO-CART-SERVICE with eureka with status DOWN
2020-11-07 16:56:46.664  WARN 7872 --- [Thread-18] com.netflix.discovery.DiscoveryClient    : Saw local status change event StatusChangeEvent [timestamp=1604748406664, current=DOWN, previous=UP]
2020-11-07 16:56:46.676  WARN 7872 --- [DiscoveryClient-InstanceInfoReplicator-0] com.netflix.discovery.DiscoveryClient    : Saw local status change event StatusChangeEvent [timestamp=1604748406676, current=UP, previous=DOWN]
2020-11-07 16:56:46.676  INFO 7872 --- [DiscoveryClient-InstanceInfoReplicator-0] com.netflix.discovery.DiscoveryClient    : DiscoveryClient_ADD-TO-CART-SERVICE/DESKTOP-DNE248H:add-to-cart-service:8006: registering service...
2020-11-07 16:56:46.685  INFO 7872 --- [DiscoveryClient-InstanceInfoReplicator-0] com.netflix.discovery.DiscoveryClient    : DiscoveryClient_ADD-TO-CART-SERVICE/DESKTOP-DNE248H:add-to-cart-service:8006 - registration status: 204
2020-11-07 16:56:47.245  INFO 7872 --- [Thread-18] j.LocalContainerEntityManagerFactoryBean : Closing JPA EntityManagerFactory for persistence unit 'default'
2020-11-07 16:56:47.246  INFO 7872 --- [Thread-18] o.s.s.concurrent.ThreadPoolTaskExecutor  : Shutting down ExecutorService 'applicationTaskExecutor'
2020-11-07 16:56:47.247  INFO 7872 --- [Thread-18] com.zaxxer.hikari.HikariDataSource       : HikariPool-3 - Shutdown initiated...
2020-11-07 16:56:47.275  INFO 7872 --- [Thread-18] com.zaxxer.hikari.HikariDataSource       : HikariPool-3 - Shutdown completed.
2020-11-07 16:56:47.276  INFO 7872 --- [Thread-18] com.netflix.discovery.DiscoveryClient    : Shutting down DiscoveryClient ...
2020-11-07 16:56:50.285  INFO 7872 --- [Thread-18] com.netflix.discovery.DiscoveryClient    : Unregistering ...
2020-11-07 16:56:50.288  INFO 7872 --- [Thread-18] com.netflix.discovery.DiscoveryClient    : DiscoveryClient_ADD-TO-CART-SERVICE/DESKTOP-DNE248H:add-to-cart-service:8006 - deregister  status: 200
2020-11-07 16:56:50.299  INFO 7872 --- [Thread-18] com.netflix.discovery.DiscoveryClient    : Completed shut down of DiscoveryClient
2020-11-07 16:56:53.703  INFO 7872 --- [restartedMain] c.g.addtocart.AddToCartSystem            : No active profile set, falling back to default profiles: default
2020-11-07 16:56:57.812  INFO 7872 --- [restartedMain] .s.d.r.c.RepositoryConfigurationDelegate : Bootstrapping Spring Data JPA repositories in DEFERRED mode.
2020-11-07 16:56:57.940  INFO 7872 --- [restartedMain] .s.d.r.c.RepositoryConfigurationDelegate : Finished Spring Data repository scanning in 125ms. Found 3 JPA repository interfaces.
2020-11-07 16:56:58.246  INFO 7872 --- [restartedMain] o.s.cloud.context.scope.GenericScope     : BeanFactory id=d8d637a2-85c0-33f2-a099-ca6893c71e80
2020-11-07 16:56:59.392  INFO 7872 --- [restartedMain] o.s.b.w.embedded.tomcat.TomcatWebServer  : Tomcat initialized with port(s): 8006 (http)
2020-11-07 16:56:59.396  INFO 7872 --- [restartedMain] o.apache.catalina.core.StandardService   : Starting service [Tomcat]
2020-11-07 16:56:59.397  INFO 7872 --- [restartedMain] org.apache.catalina.core.StandardEngine  : Starting Servlet engine: [Apache Tomcat/9.0.38]
2020-11-07 16:56:59.487  INFO 7872 --- [restartedMain] o.a.c.c.C.[Tomcat].[localhost].[/]       : Initializing Spring embedded WebApplicationContext
2020-11-07 16:56:59.487  INFO 7872 --- [restartedMain] w.s.c.ServletWebServerApplicationContext : Root WebApplicationContext: initialization completed in 5774 ms
2020-11-07 16:57:00.296  INFO 7872 --- [restartedMain] o.s.s.concurrent.ThreadPoolTaskExecutor  : Initializing ExecutorService 'applicationTaskExecutor'
2020-11-07 16:57:00.367  INFO 7872 --- [task-1] o.hibernate.jpa.internal.util.LogHelper  : HHH000204: Processing PersistenceUnitInfo [name: default]
2020-11-07 16:57:00.409  INFO 7872 --- [task-1] com.zaxxer.hikari.HikariDataSource       : HikariPool-4 - Starting...
2020-11-07 16:57:00.445  INFO 7872 --- [task-1] com.zaxxer.hikari.HikariDataSource       : HikariPool-4 - Start completed.
2020-11-07 16:57:00.446  INFO 7872 --- [task-1] org.hibernate.dialect.Dialect            : HHH000400: Using dialect: org.hibernate.dialect.MySQL8Dialect
2020-11-07 16:57:00.474  WARN 7872 --- [task-1] org.hibernate.mapping.RootClass          : HHH000038: Composite-id class does not override equals(): com.greatoutdoor.addtocart.model.Cart
2020-11-07 16:57:00.474  WARN 7872 --- [task-1] org.hibernate.mapping.RootClass          : HHH000039: Composite-id class does not override hashCode(): com.greatoutdoor.addtocart.model.Cart
2020-11-07 16:57:00.578  INFO 7872 --- [task-1] o.h.e.t.j.p.i.JtaPlatformInitiator       : HHH000490: Using JtaPlatform implementation: [org.hibernate.engine.transaction.jta.platform.internal.NoJtaPlatform]
2020-11-07 16:57:00.578  INFO 7872 --- [task-1] j.LocalContainerEntityManagerFactoryBean : Initialized JPA EntityManagerFactory for persistence unit 'default'
2020-11-07 16:57:00.681  WARN 7872 --- [task-2] o.s.b.d.a.OptionalLiveReloadServer       : Unable to start LiveReload server
2020-11-07 16:57:01.174  WARN 7872 --- [restartedMain] JpaBaseConfiguration$JpaWebConfiguration : spring.jpa.open-in-view is enabled by default. Therefore, database queries may be performed during view rendering. Explicitly configure spring.jpa.open-in-view to disable this warning
2020-11-07 16:57:02.060  INFO 7872 --- [restartedMain] o.s.b.a.e.web.EndpointLinksResolver      : Exposing 18 endpoint(s) beneath base path '/actuator'
2020-11-07 16:57:02.165  WARN 7872 --- [restartedMain] c.n.c.sources.URLConfigurationSource     : No URLs will be polled as dynamic configuration sources.
2020-11-07 16:57:02.165  INFO 7872 --- [restartedMain] c.n.c.sources.URLConfigurationSource     : To enable URLs as dynamic configuration sources, define System property archaius.configurationSource.additionalUrls or make config.properties available on classpath.
2020-11-07 16:57:02.967  WARN 7872 --- [restartedMain] ockingLoadBalancerClientRibbonWarnLogger : You already have RibbonLoadBalancerClient on your classpath. It will be used by default. As Spring Cloud Ribbon is in maintenance mode. We recommend switching to BlockingLoadBalancerClient instead. In order to use it, set the value of `spring.cloud.loadbalancer.ribbon.enabled` to `false` or remove spring-cloud-starter-netflix-ribbon from your project.
2020-11-07 16:57:03.086  INFO 7872 --- [restartedMain] o.s.c.n.eureka.InstanceInfoFactory       : Setting initial instance status as: STARTING
2020-11-07 16:57:03.090  INFO 7872 --- [restartedMain] com.netflix.discovery.DiscoveryClient    : Initializing Eureka in region us-east-1
2020-11-07 16:57:03.092  INFO 7872 --- [restartedMain] c.n.d.provider.DiscoveryJerseyProvider   : Using JSON encoding codec LegacyJacksonJson
2020-11-07 16:57:03.093  INFO 7872 --- [restartedMain] c.n.d.provider.DiscoveryJerseyProvider   : Using JSON decoding codec LegacyJacksonJson
2020-11-07 16:57:03.093  INFO 7872 --- [restartedMain] c.n.d.provider.DiscoveryJerseyProvider   : Using XML encoding codec XStreamXml
2020-11-07 16:57:03.093  INFO 7872 --- [restartedMain] c.n.d.provider.DiscoveryJerseyProvider   : Using XML decoding codec XStreamXml
2020-11-07 16:57:03.235  INFO 7872 --- [restartedMain] c.n.d.s.r.aws.ConfigClusterResolver      : Resolving eureka endpoints via configuration
2020-11-07 16:57:03.237  INFO 7872 --- [restartedMain] com.netflix.discovery.DiscoveryClient    : Disable delta property : false
2020-11-07 16:57:03.237  INFO 7872 --- [restartedMain] com.netflix.discovery.DiscoveryClient    : Single vip registry refresh property : null
2020-11-07 16:57:03.237  INFO 7872 --- [restartedMain] com.netflix.discovery.DiscoveryClient    : Force full registry fetch : false
2020-11-07 16:57:03.237  INFO 7872 --- [restartedMain] com.netflix.discovery.DiscoveryClient    : Application is null : false
2020-11-07 16:57:03.237  INFO 7872 --- [restartedMain] com.netflix.discovery.DiscoveryClient    : Registered Applications size is zero : true
2020-11-07 16:57:03.238  INFO 7872 --- [restartedMain] com.netflix.discovery.DiscoveryClient    : Application version is -1: true
2020-11-07 16:57:03.238  INFO 7872 --- [restartedMain] com.netflix.discovery.DiscoveryClient    : Getting all instance registry info from the eureka server
2020-11-07 16:57:05.410 ERROR 7872 --- [restartedMain] c.n.d.s.t.d.RedirectingEurekaHttpClient  : Request execution error. endpoint=DefaultEndpoint{ serviceUrl='http://localhost:8761/eureka/}

com.sun.jersey.api.client.ClientHandlerException: java.net.ConnectException: Connection refused: connect
	at com.sun.jersey.client.apache4.ApacheHttpClient4Handler.handle(ApacheHttpClient4Handler.java:187) ~[jersey-apache-client4-1.19.1.jar:1.19.1]
	at com.sun.jersey.api.client.filter.GZIPContentEncodingFilter.handle(GZIPContentEncodingFilter.java:123) ~[jersey-client-1.19.1.jar:1.19.1]
	at com.netflix.discovery.EurekaIdentityHeaderFilter.handle(EurekaIdentityHeaderFilter.java:27) ~[eureka-client-1.9.17.jar:1.9.17]
	at com.sun.jersey.api.client.Client.handle(Client.java:652) ~[jersey-client-1.19.1.jar:1.19.1]
	at com.sun.jersey.api.client.WebResource.handle(WebResource.java:682) ~[jersey-client-1.19.1.jar:1.19.1]
	at com.sun.jersey.api.client.WebResource.access$200(WebResource.java:74) ~[jersey-client-1.19.1.jar:1.19.1]
	at com.sun.jersey.api.client.WebResource$Builder.get(WebResource.java:509) ~[jersey-client-1.19.1.jar:1.19.1]
	at com.netflix.discovery.shared.transport.jersey.AbstractJerseyEurekaHttpClient.getApplicationsInternal(AbstractJerseyEurekaHttpClient.java:196) ~[eureka-client-1.9.17.jar:1.9.17]
	at com.netflix.discovery.shared.transport.jersey.AbstractJerseyEurekaHttpClient.getApplications(AbstractJerseyEurekaHttpClient.java:167) ~[eureka-client-1.9.17.jar:1.9.17]
	at com.netflix.discovery.shared.transport.decorator.EurekaHttpClientDecorator$6.execute(EurekaHttpClientDecorator.java:137) [eureka-client-1.9.17.jar:1.9.17]
	at com.netflix.discovery.shared.transport.decorator.MetricsCollectingEurekaHttpClient.execute(MetricsCollectingEurekaHttpClient.java:73) ~[eureka-client-1.9.17.jar:1.9.17]
	at com.netflix.discovery.shared.transport.decorator.EurekaHttpClientDecorator.getApplications(EurekaHttpClientDecorator.java:134) [eureka-client-1.9.17.jar:1.9.17]
	at com.netflix.discovery.shared.transport.decorator.EurekaHttpClientDecorator$6.execute(EurekaHttpClientDecorator.java:137) [eureka-client-1.9.17.jar:1.9.17]
	at com.netflix.discovery.shared.transport.decorator.RedirectingEurekaHttpClient.executeOnNewServer(RedirectingEurekaHttpClient.java:118) ~[eureka-client-1.9.17.jar:1.9.17]
	at com.netflix.discovery.shared.transport.decorator.RedirectingEurekaHttpClient.execute(RedirectingEurekaHttpClient.java:79) ~[eureka-client-1.9.17.jar:1.9.17]
	at com.netflix.discovery.shared.transport.decorator.EurekaHttpClientDecorator.getApplications(EurekaHttpClientDecorator.java:134) [eureka-client-1.9.17.jar:1.9.17]
	at com.netflix.discovery.shared.transport.decorator.EurekaHttpClientDecorator$6.execute(EurekaHttpClientDecorator.java:137) [eureka-client-1.9.17.jar:1.9.17]
	at com.netflix.discovery.shared.transport.decorator.RetryableEurekaHttpClient.execute(RetryableEurekaHttpClient.java:120) [eureka-client-1.9.17.jar:1.9.17]
	at com.netflix.discovery.shared.transport.decorator.EurekaHttpClientDecorator.getApplications(EurekaHttpClientDecorator.java:134) [eureka-client-1.9.17.jar:1.9.17]
	at com.netflix.discovery.shared.transport.decorator.EurekaHttpClientDecorator$6.execute(EurekaHttpClientDecorator.java:137) [eureka-client-1.9.17.jar:1.9.17]
	at com.netflix.discovery.shared.transport.decorator.SessionedEurekaHttpClient.execute(SessionedEurekaHttpClient.java:77) [eureka-client-1.9.17.jar:1.9.17]
	at com.netflix.discovery.shared.transport.decorator.EurekaHttpClientDecorator.getApplications(EurekaHttpClientDecorator.java:134) [eureka-client-1.9.17.jar:1.9.17]
	at com.netflix.discovery.DiscoveryClient.getAndStoreFullRegistry(DiscoveryClient.java:1074) [eureka-client-1.9.17.jar:1.9.17]
	at com.netflix.discovery.DiscoveryClient.fetchRegistry(DiscoveryClient.java:988) [eureka-client-1.9.17.jar:1.9.17]
	at com.netflix.discovery.DiscoveryClient.<init>(DiscoveryClient.java:433) [eureka-client-1.9.17.jar:1.9.17]
	at com.netflix.discovery.DiscoveryClient.<init>(DiscoveryClient.java:279) [eureka-client-1.9.17.jar:1.9.17]
	at com.netflix.discovery.DiscoveryClient.<init>(DiscoveryClient.java:275) [eureka-client-1.9.17.jar:1.9.17]
	at org.springframework.cloud.netflix.eureka.CloudEurekaClient.<init>(CloudEurekaClient.java:67) [spring-cloud-netflix-eureka-client-2.2.2.RELEASE.jar:2.2.2.RELEASE]
	at org.springframework.cloud.netflix.eureka.EurekaClientAutoConfiguration$RefreshableEurekaClientConfiguration.eurekaClient(EurekaClientAutoConfiguration.java:324) [spring-cloud-netflix-eureka-client-2.2.2.RELEASE.jar:2.2.2.RELEASE]
	at sun.reflect.NativeMethodAccessorImpl.invoke0(Native Method) ~[na:1.8.0_271]
	at sun.reflect.NativeMethodAccessorImpl.invoke(Unknown Source) ~[na:1.8.0_271]
	at sun.reflect.DelegatingMethodAccessorImpl.invoke(Unknown Source) ~[na:1.8.0_271]
	at java.lang.reflect.Method.invoke(Unknown Source) ~[na:1.8.0_271]
	at org.springframework.beans.factory.support.SimpleInstantiationStrategy.instantiate(SimpleInstantiationStrategy.java:154) [spring-beans-5.2.9.RELEASE.jar:5.2.9.RELEASE]
	at org.springframework.beans.factory.support.ConstructorResolver.instantiate(ConstructorResolver.java:650) [spring-beans-5.2.9.RELEASE.jar:5.2.9.RELEASE]
	at org.springframework.beans.factory.support.ConstructorResolver.instantiateUsingFactoryMethod(ConstructorResolver.java:635) [spring-beans-5.2.9.RELEASE.jar:5.2.9.RELEASE]
	at org.springframework.beans.factory.support.AbstractAutowireCapableBeanFactory.instantiateUsingFactoryMethod(AbstractAutowireCapableBeanFactory.java:1336) [spring-beans-5.2.9.RELEASE.jar:5.2.9.RELEASE]
	at org.springframework.beans.factory.support.AbstractAutowireCapableBeanFactory.createBeanInstance(AbstractAutowireCapableBeanFactory.java:1176) [spring-beans-5.2.9.RELEASE.jar:5.2.9.RELEASE]
	at org.springframework.beans.factory.support.AbstractAutowireCapableBeanFactory.doCreateBean(AbstractAutowireCapableBeanFactory.java:556) [spring-beans-5.2.9.RELEASE.jar:5.2.9.RELEASE]
	at org.springframework.beans.factory.support.AbstractAutowireCapableBeanFactory.createBean(AbstractAutowireCapableBeanFactory.java:516) [spring-beans-5.2.9.RELEASE.jar:5.2.9.RELEASE]
	at org.springframework.beans.factory.support.AbstractBeanFactory.lambda$doGetBean$1(AbstractBeanFactory.java:363) [spring-beans-5.2.9.RELEASE.jar:5.2.9.RELEASE]
	at org.springframework.cloud.context.scope.GenericScope$BeanLifecycleWrapper.getBean(GenericScope.java:389) ~[spring-cloud-context-2.2.2.RELEASE.jar:2.2.2.RELEASE]
	at org.springframework.cloud.context.scope.GenericScope.get(GenericScope.java:186) ~[spring-cloud-context-2.2.2.RELEASE.jar:2.2.2.RELEASE]
	at org.springframework.beans.factory.support.AbstractBeanFactory.doGetBean(AbstractBeanFactory.java:360) [spring-beans-5.2.9.RELEASE.jar:5.2.9.RELEASE]
	at org.springframework.beans.factory.support.AbstractBeanFactory.getBean(AbstractBeanFactory.java:202) [spring-beans-5.2.9.RELEASE.jar:5.2.9.RELEASE]
	at org.springframework.aop.target.SimpleBeanTargetSource.getTarget(SimpleBeanTargetSource.java:35) ~[spring-aop-5.2.9.RELEASE.jar:5.2.9.RELEASE]
	at org.springframework.cloud.netflix.eureka.serviceregistry.EurekaRegistration.getTargetObject(EurekaRegistration.java:129) ~[spring-cloud-netflix-eureka-client-2.2.2.RELEASE.jar:2.2.2.RELEASE]
	at org.springframework.cloud.netflix.eureka.serviceregistry.EurekaRegistration.getEurekaClient(EurekaRegistration.java:117) ~[spring-cloud-netflix-eureka-client-2.2.2.RELEASE.jar:2.2.2.RELEASE]
	at sun.reflect.NativeMethodAccessorImpl.invoke0(Native Method) ~[na:1.8.0_271]
	at sun.reflect.NativeMethodAccessorImpl.invoke(Unknown Source) ~[na:1.8.0_271]
	at sun.reflect.DelegatingMethodAccessorImpl.invoke(Unknown Source) ~[na:1.8.0_271]
	at java.lang.reflect.Method.invoke(Unknown Source) ~[na:1.8.0_271]
	at org.springframework.util.ReflectionUtils.invokeMethod(ReflectionUtils.java:282) ~[spring-core-5.2.9.RELEASE.jar:5.2.9.RELEASE]
	at org.springframework.cloud.context.scope.GenericScope$LockedScopedProxyFactoryBean.invoke(GenericScope.java:499) ~[spring-cloud-context-2.2.2.RELEASE.jar:2.2.2.RELEASE]
	at org.springframework.aop.framework.ReflectiveMethodInvocation.proceed(ReflectiveMethodInvocation.java:186) ~[spring-aop-5.2.9.RELEASE.jar:5.2.9.RELEASE]
	at org.springframework.aop.framework.CglibAopProxy$CglibMethodInvocation.proceed(CglibAopProxy.java:749) ~[spring-aop-5.2.9.RELEASE.jar:5.2.9.RELEASE]
	at org.springframework.aop.framework.CglibAopProxy$DynamicAdvisedInterceptor.intercept(CglibAopProxy.java:691) ~[spring-aop-5.2.9.RELEASE.jar:5.2.9.RELEASE]
	at org.springframework.cloud.netflix.eureka.serviceregistry.EurekaRegistration$$EnhancerBySpringCGLIB$$4bd103db.getEurekaClient(<generated>) ~[spring-cloud-netflix-eureka-client-2.2.2.RELEASE.jar:2.2.2.RELEASE]
	at org.springframework.cloud.netflix.eureka.serviceregistry.EurekaServiceRegistry.maybeInitializeClient(EurekaServiceRegistry.java:57) ~[spring-cloud-netflix-eureka-client-2.2.2.RELEASE.jar:2.2.2.RELEASE]
	at org.springframework.cloud.netflix.eureka.serviceregistry.EurekaServiceRegistry.register(EurekaServiceRegistry.java:38) ~[spring-cloud-netflix-eureka-client-2.2.2.RELEASE.jar:2.2.2.RELEASE]
	at org.springframework.cloud.netflix.eureka.serviceregistry.EurekaAutoServiceRegistration.start(EurekaAutoServiceRegistration.java:83) ~[spring-cloud-netflix-eureka-client-2.2.2.RELEASE.jar:2.2.2.RELEASE]
	at org.springframework.context.support.DefaultLifecycleProcessor.doStart(DefaultLifecycleProcessor.java:182) ~[spring-context-5.2.9.RELEASE.jar:5.2.9.RELEASE]
	at org.springframework.context.support.DefaultLifecycleProcessor.access$200(DefaultLifecycleProcessor.java:53) ~[spring-context-5.2.9.RELEASE.jar:5.2.9.RELEASE]
	at org.springframework.context.support.DefaultLifecycleProcessor$LifecycleGroup.start(DefaultLifecycleProcessor.java:360) ~[spring-context-5.2.9.RELEASE.jar:5.2.9.RELEASE]
	at org.springframework.context.support.DefaultLifecycleProcessor.startBeans(DefaultLifecycleProcessor.java:158) ~[spring-context-5.2.9.RELEASE.jar:5.2.9.RELEASE]
	at org.springframework.context.support.DefaultLifecycleProcessor.onRefresh(DefaultLifecycleProcessor.java:122) ~[spring-context-5.2.9.RELEASE.jar:5.2.9.RELEASE]
	at org.springframework.context.support.AbstractApplicationContext.finishRefresh(AbstractApplicationContext.java:895) ~[spring-context-5.2.9.RELEASE.jar:5.2.9.RELEASE]
	at org.springframework.context.support.AbstractApplicationContext.refresh(AbstractApplicationContext.java:554) ~[spring-context-5.2.9.RELEASE.jar:5.2.9.RELEASE]
	at org.springframework.boot.web.servlet.context.ServletWebServerApplicationContext.refresh(ServletWebServerApplicationContext.java:143) ~[spring-boot-2.3.4.RELEASE.jar:2.3.4.RELEASE]
	at org.springframework.boot.SpringApplication.refresh(SpringApplication.java:758) ~[spring-boot-2.3.4.RELEASE.jar:2.3.4.RELEASE]
	at org.springframework.boot.SpringApplication.refresh(SpringApplication.java:750) ~[spring-boot-2.3.4.RELEASE.jar:2.3.4.RELEASE]
	at org.springframework.boot.SpringApplication.refreshContext(SpringApplication.java:397) ~[spring-boot-2.3.4.RELEASE.jar:2.3.4.RELEASE]
	at org.springframework.boot.SpringApplication.run(SpringApplication.java:315) ~[spring-boot-2.3.4.RELEASE.jar:2.3.4.RELEASE]
	at org.springframework.boot.SpringApplication.run(SpringApplication.java:1237) ~[spring-boot-2.3.4.RELEASE.jar:2.3.4.RELEASE]
	at org.springframework.boot.SpringApplication.run(SpringApplication.java:1226) ~[spring-boot-2.3.4.RELEASE.jar:2.3.4.RELEASE]
	at com.greatoutdoor.addtocart.AddToCartSystem.main(AddToCartSystem.java:23) ~[classes/:na]
	at sun.reflect.NativeMethodAccessorImpl.invoke0(Native Method) ~[na:1.8.0_271]
	at sun.reflect.NativeMethodAccessorImpl.invoke(Unknown Source) ~[na:1.8.0_271]
	at sun.reflect.DelegatingMethodAccessorImpl.invoke(Unknown Source) ~[na:1.8.0_271]
	at java.lang.reflect.Method.invoke(Unknown Source) ~[na:1.8.0_271]
	at org.springframework.boot.devtools.restart.RestartLauncher.run(RestartLauncher.java:49) ~[spring-boot-devtools-2.3.4.RELEASE.jar:2.3.4.RELEASE]
Caused by: java.net.ConnectException: Connection refused: connect
	at java.net.DualStackPlainSocketImpl.waitForConnect(Native Method) ~[na:1.8.0_271]
	at java.net.DualStackPlainSocketImpl.socketConnect(Unknown Source) ~[na:1.8.0_271]
	at java.net.AbstractPlainSocketImpl.doConnect(Unknown Source) ~[na:1.8.0_271]
	at java.net.AbstractPlainSocketImpl.connectToAddress(Unknown Source) ~[na:1.8.0_271]
	at java.net.AbstractPlainSocketImpl.connect(Unknown Source) ~[na:1.8.0_271]
	at java.net.PlainSocketImpl.connect(Unknown Source) ~[na:1.8.0_271]
	at java.net.SocksSocketImpl.connect(Unknown Source) ~[na:1.8.0_271]
	at java.net.Socket.connect(Unknown Source) ~[na:1.8.0_271]
	at org.apache.http.conn.scheme.PlainSocketFactory.connectSocket(PlainSocketFactory.java:121) ~[httpclient-4.5.12.jar:4.5.12]
	at org.apache.http.impl.conn.DefaultClientConnectionOperator.openConnection(DefaultClientConnectionOperator.java:180) ~[httpclient-4.5.12.jar:4.5.12]
	at org.apache.http.impl.conn.AbstractPoolEntry.open(AbstractPoolEntry.java:144) ~[httpclient-4.5.12.jar:4.5.12]
	at org.apache.http.impl.conn.AbstractPooledConnAdapter.open(AbstractPooledConnAdapter.java:134) ~[httpclient-4.5.12.jar:4.5.12]
	at org.apache.http.impl.client.DefaultRequestDirector.tryConnect(DefaultRequestDirector.java:605) ~[httpclient-4.5.12.jar:4.5.12]
	at org.apache.http.impl.client.DefaultRequestDirector.execute(DefaultRequestDirector.java:440) ~[httpclient-4.5.12.jar:4.5.12]
	at org.apache.http.impl.client.AbstractHttpClient.doExecute(AbstractHttpClient.java:835) ~[httpclient-4.5.12.jar:4.5.12]
	at org.apache.http.impl.client.CloseableHttpClient.execute(CloseableHttpClient.java:118) ~[httpclient-4.5.12.jar:4.5.12]
	at org.apache.http.impl.client.CloseableHttpClient.execute(CloseableHttpClient.java:56) ~[httpclient-4.5.12.jar:4.5.12]
	at com.sun.jersey.client.apache4.ApacheHttpClient4Handler.handle(ApacheHttpClient4Handler.java:173) ~[jersey-apache-client4-1.19.1.jar:1.19.1]
	... 80 common frames omitted

2020-11-07 16:57:05.427  WARN 7872 --- [restartedMain] c.n.d.s.t.d.RetryableEurekaHttpClient    : Request execution failed with message: java.net.ConnectException: Connection refused: connect
2020-11-07 16:57:05.431 ERROR 7872 --- [restartedMain] com.netflix.discovery.DiscoveryClient    : DiscoveryClient_ADD-TO-CART-SERVICE/DESKTOP-DNE248H:add-to-cart-service:8006 - was unable to refresh its cache! status = Cannot execute request on any known server

com.netflix.discovery.shared.transport.TransportException: Cannot execute request on any known server
	at com.netflix.discovery.shared.transport.decorator.RetryableEurekaHttpClient.execute(RetryableEurekaHttpClient.java:112) ~[eureka-client-1.9.17.jar:1.9.17]
	at com.netflix.discovery.shared.transport.decorator.EurekaHttpClientDecorator.getApplications(EurekaHttpClientDecorator.java:134) ~[eureka-client-1.9.17.jar:1.9.17]
	at com.netflix.discovery.shared.transport.decorator.EurekaHttpClientDecorator$6.execute(EurekaHttpClientDecorator.java:137) ~[eureka-client-1.9.17.jar:1.9.17]
	at com.netflix.discovery.shared.transport.decorator.SessionedEurekaHttpClient.execute(SessionedEurekaHttpClient.java:77) ~[eureka-client-1.9.17.jar:1.9.17]
	at com.netflix.discovery.shared.transport.decorator.EurekaHttpClientDecorator.getApplications(EurekaHttpClientDecorator.java:134) ~[eureka-client-1.9.17.jar:1.9.17]
	at com.netflix.discovery.DiscoveryClient.getAndStoreFullRegistry(DiscoveryClient.java:1074) [eureka-client-1.9.17.jar:1.9.17]
	at com.netflix.discovery.DiscoveryClient.fetchRegistry(DiscoveryClient.java:988) [eureka-client-1.9.17.jar:1.9.17]
	at com.netflix.discovery.DiscoveryClient.<init>(DiscoveryClient.java:433) [eureka-client-1.9.17.jar:1.9.17]
	at com.netflix.discovery.DiscoveryClient.<init>(DiscoveryClient.java:279) [eureka-client-1.9.17.jar:1.9.17]
	at com.netflix.discovery.DiscoveryClient.<init>(DiscoveryClient.java:275) [eureka-client-1.9.17.jar:1.9.17]
	at org.springframework.cloud.netflix.eureka.CloudEurekaClient.<init>(CloudEurekaClient.java:67) [spring-cloud-netflix-eureka-client-2.2.2.RELEASE.jar:2.2.2.RELEASE]
	at org.springframework.cloud.netflix.eureka.EurekaClientAutoConfiguration$RefreshableEurekaClientConfiguration.eurekaClient(EurekaClientAutoConfiguration.java:324) [spring-cloud-netflix-eureka-client-2.2.2.RELEASE.jar:2.2.2.RELEASE]
	at sun.reflect.NativeMethodAccessorImpl.invoke0(Native Method) ~[na:1.8.0_271]
	at sun.reflect.NativeMethodAccessorImpl.invoke(Unknown Source) ~[na:1.8.0_271]
	at sun.reflect.DelegatingMethodAccessorImpl.invoke(Unknown Source) ~[na:1.8.0_271]
	at java.lang.reflect.Method.invoke(Unknown Source) ~[na:1.8.0_271]
	at org.springframework.beans.factory.support.SimpleInstantiationStrategy.instantiate(SimpleInstantiationStrategy.java:154) [spring-beans-5.2.9.RELEASE.jar:5.2.9.RELEASE]
	at org.springframework.beans.factory.support.ConstructorResolver.instantiate(ConstructorResolver.java:650) [spring-beans-5.2.9.RELEASE.jar:5.2.9.RELEASE]
	at org.springframework.beans.factory.support.ConstructorResolver.instantiateUsingFactoryMethod(ConstructorResolver.java:635) [spring-beans-5.2.9.RELEASE.jar:5.2.9.RELEASE]
	at org.springframework.beans.factory.support.AbstractAutowireCapableBeanFactory.instantiateUsingFactoryMethod(AbstractAutowireCapableBeanFactory.java:1336) [spring-beans-5.2.9.RELEASE.jar:5.2.9.RELEASE]
	at org.springframework.beans.factory.support.AbstractAutowireCapableBeanFactory.createBeanInstance(AbstractAutowireCapableBeanFactory.java:1176) [spring-beans-5.2.9.RELEASE.jar:5.2.9.RELEASE]
	at org.springframework.beans.factory.support.AbstractAutowireCapableBeanFactory.doCreateBean(AbstractAutowireCapableBeanFactory.java:556) [spring-beans-5.2.9.RELEASE.jar:5.2.9.RELEASE]
	at org.springframework.beans.factory.support.AbstractAutowireCapableBeanFactory.createBean(AbstractAutowireCapableBeanFactory.java:516) [spring-beans-5.2.9.RELEASE.jar:5.2.9.RELEASE]
	at org.springframework.beans.factory.support.AbstractBeanFactory.lambda$doGetBean$1(AbstractBeanFactory.java:363) [spring-beans-5.2.9.RELEASE.jar:5.2.9.RELEASE]
	at org.springframework.cloud.context.scope.GenericScope$BeanLifecycleWrapper.getBean(GenericScope.java:389) ~[spring-cloud-context-2.2.2.RELEASE.jar:2.2.2.RELEASE]
	at org.springframework.cloud.context.scope.GenericScope.get(GenericScope.java:186) ~[spring-cloud-context-2.2.2.RELEASE.jar:2.2.2.RELEASE]
	at org.springframework.beans.factory.support.AbstractBeanFactory.doGetBean(AbstractBeanFactory.java:360) [spring-beans-5.2.9.RELEASE.jar:5.2.9.RELEASE]
	at org.springframework.beans.factory.support.AbstractBeanFactory.getBean(AbstractBeanFactory.java:202) [spring-beans-5.2.9.RELEASE.jar:5.2.9.RELEASE]
	at org.springframework.aop.target.SimpleBeanTargetSource.getTarget(SimpleBeanTargetSource.java:35) ~[spring-aop-5.2.9.RELEASE.jar:5.2.9.RELEASE]
	at org.springframework.cloud.netflix.eureka.serviceregistry.EurekaRegistration.getTargetObject(EurekaRegistration.java:129) ~[spring-cloud-netflix-eureka-client-2.2.2.RELEASE.jar:2.2.2.RELEASE]
	at org.springframework.cloud.netflix.eureka.serviceregistry.EurekaRegistration.getEurekaClient(EurekaRegistration.java:117) ~[spring-cloud-netflix-eureka-client-2.2.2.RELEASE.jar:2.2.2.RELEASE]
	at sun.reflect.NativeMethodAccessorImpl.invoke0(Native Method) ~[na:1.8.0_271]
	at sun.reflect.NativeMethodAccessorImpl.invoke(Unknown Source) ~[na:1.8.0_271]
	at sun.reflect.DelegatingMethodAccessorImpl.invoke(Unknown Source) ~[na:1.8.0_271]
	at java.lang.reflect.Method.invoke(Unknown Source) ~[na:1.8.0_271]
	at org.springframework.util.ReflectionUtils.invokeMethod(ReflectionUtils.java:282) ~[spring-core-5.2.9.RELEASE.jar:5.2.9.RELEASE]
	at org.springframework.cloud.context.scope.GenericScope$LockedScopedProxyFactoryBean.invoke(GenericScope.java:499) ~[spring-cloud-context-2.2.2.RELEASE.jar:2.2.2.RELEASE]
	at org.springframework.aop.framework.ReflectiveMethodInvocation.proceed(ReflectiveMethodInvocation.java:186) ~[spring-aop-5.2.9.RELEASE.jar:5.2.9.RELEASE]
	at org.springframework.aop.framework.CglibAopProxy$CglibMethodInvocation.proceed(CglibAopProxy.java:749) ~[spring-aop-5.2.9.RELEASE.jar:5.2.9.RELEASE]
	at org.springframework.aop.framework.CglibAopProxy$DynamicAdvisedInterceptor.intercept(CglibAopProxy.java:691) ~[spring-aop-5.2.9.RELEASE.jar:5.2.9.RELEASE]
	at org.springframework.cloud.netflix.eureka.serviceregistry.EurekaRegistration$$EnhancerBySpringCGLIB$$4bd103db.getEurekaClient(<generated>) ~[spring-cloud-netflix-eureka-client-2.2.2.RELEASE.jar:2.2.2.RELEASE]
	at org.springframework.cloud.netflix.eureka.serviceregistry.EurekaServiceRegistry.maybeInitializeClient(EurekaServiceRegistry.java:57) ~[spring-cloud-netflix-eureka-client-2.2.2.RELEASE.jar:2.2.2.RELEASE]
	at org.springframework.cloud.netflix.eureka.serviceregistry.EurekaServiceRegistry.register(EurekaServiceRegistry.java:38) ~[spring-cloud-netflix-eureka-client-2.2.2.RELEASE.jar:2.2.2.RELEASE]
	at org.springframework.cloud.netflix.eureka.serviceregistry.EurekaAutoServiceRegistration.start(EurekaAutoServiceRegistration.java:83) ~[spring-cloud-netflix-eureka-client-2.2.2.RELEASE.jar:2.2.2.RELEASE]
	at org.springframework.context.support.DefaultLifecycleProcessor.doStart(DefaultLifecycleProcessor.java:182) ~[spring-context-5.2.9.RELEASE.jar:5.2.9.RELEASE]
	at org.springframework.context.support.DefaultLifecycleProcessor.access$200(DefaultLifecycleProcessor.java:53) ~[spring-context-5.2.9.RELEASE.jar:5.2.9.RELEASE]
	at org.springframework.context.support.DefaultLifecycleProcessor$LifecycleGroup.start(DefaultLifecycleProcessor.java:360) ~[spring-context-5.2.9.RELEASE.jar:5.2.9.RELEASE]
	at org.springframework.context.support.DefaultLifecycleProcessor.startBeans(DefaultLifecycleProcessor.java:158) ~[spring-context-5.2.9.RELEASE.jar:5.2.9.RELEASE]
	at org.springframework.context.support.DefaultLifecycleProcessor.onRefresh(DefaultLifecycleProcessor.java:122) ~[spring-context-5.2.9.RELEASE.jar:5.2.9.RELEASE]
	at org.springframework.context.support.AbstractApplicationContext.finishRefresh(AbstractApplicationContext.java:895) ~[spring-context-5.2.9.RELEASE.jar:5.2.9.RELEASE]
	at org.springframework.context.support.AbstractApplicationContext.refresh(AbstractApplicationContext.java:554) ~[spring-context-5.2.9.RELEASE.jar:5.2.9.RELEASE]
	at org.springframework.boot.web.servlet.context.ServletWebServerApplicationContext.refresh(ServletWebServerApplicationContext.java:143) ~[spring-boot-2.3.4.RELEASE.jar:2.3.4.RELEASE]
	at org.springframework.boot.SpringApplication.refresh(SpringApplication.java:758) ~[spring-boot-2.3.4.RELEASE.jar:2.3.4.RELEASE]
	at org.springframework.boot.SpringApplication.refresh(SpringApplication.java:750) ~[spring-boot-2.3.4.RELEASE.jar:2.3.4.RELEASE]
	at org.springframework.boot.SpringApplication.refreshContext(SpringApplication.java:397) ~[spring-boot-2.3.4.RELEASE.jar:2.3.4.RELEASE]
	at org.springframework.boot.SpringApplication.run(SpringApplication.java:315) ~[spring-boot-2.3.4.RELEASE.jar:2.3.4.RELEASE]
	at org.springframework.boot.SpringApplication.run(SpringApplication.java:1237) ~[spring-boot-2.3.4.RELEASE.jar:2.3.4.RELEASE]
	at org.springframework.boot.SpringApplication.run(SpringApplication.java:1226) ~[spring-boot-2.3.4.RELEASE.jar:2.3.4.RELEASE]
	at com.greatoutdoor.addtocart.AddToCartSystem.main(AddToCartSystem.java:23) ~[classes/:na]
	at sun.reflect.NativeMethodAccessorImpl.invoke0(Native Method) ~[na:1.8.0_271]
	at sun.reflect.NativeMethodAccessorImpl.invoke(Unknown Source) ~[na:1.8.0_271]
	at sun.reflect.DelegatingMethodAccessorImpl.invoke(Unknown Source) ~[na:1.8.0_271]
	at java.lang.reflect.Method.invoke(Unknown Source) ~[na:1.8.0_271]
	at org.springframework.boot.devtools.restart.RestartLauncher.run(RestartLauncher.java:49) ~[spring-boot-devtools-2.3.4.RELEASE.jar:2.3.4.RELEASE]

2020-11-07 16:57:05.437  WARN 7872 --- [restartedMain] com.netflix.discovery.DiscoveryClient    : Using default backup registry implementation which does not do anything.
2020-11-07 16:57:05.439  INFO 7872 --- [restartedMain] com.netflix.discovery.DiscoveryClient    : Starting heartbeat executor: renew interval is: 30
2020-11-07 16:57:05.440  INFO 7872 --- [restartedMain] c.n.discovery.InstanceInfoReplicator     : InstanceInfoReplicator onDemand update allowed rate per min is 4
2020-11-07 16:57:05.442  INFO 7872 --- [restartedMain] com.netflix.discovery.DiscoveryClient    : Discovery Client initialized at timestamp 1604748425442 with initial instances count: 0
2020-11-07 16:57:05.448  INFO 7872 --- [restartedMain] o.s.c.n.e.s.EurekaServiceRegistry        : Registering application ADD-TO-CART-SERVICE with eureka with status UP
2020-11-07 16:57:05.450  INFO 7872 --- [restartedMain] com.netflix.discovery.DiscoveryClient    : Saw local status change event StatusChangeEvent [timestamp=1604748425450, current=UP, previous=STARTING]
2020-11-07 16:57:05.452  WARN 7872 --- [restartedMain] c.n.discovery.InstanceInfoReplicator     : Ignoring onDemand update due to rate limiter
2020-11-07 16:57:05.469  INFO 7872 --- [DiscoveryClient-InstanceInfoReplicator-0] com.netflix.discovery.DiscoveryClient    : DiscoveryClient_ADD-TO-CART-SERVICE/DESKTOP-DNE248H:add-to-cart-service:8006: registering service...
2020-11-07 16:57:05.470  INFO 7872 --- [restartedMain] o.s.b.w.embedded.tomcat.TomcatWebServer  : Tomcat started on port(s): 8006 (http) with context path ''
2020-11-07 16:57:05.480  INFO 7872 --- [restartedMain] .s.c.n.e.s.EurekaAutoServiceRegistration : Updating port to 8006
