2020-11-01 02:36:14.100  WARN 21408 --- [HikariPool-5 housekeeper] com.zaxxer.hikari.pool.HikariPool        : HikariPool-5 - Thread starvation or clock leap detected (housekeeper delta=3h29s586ms281µs).
2020-11-01 09:40:18.553  WARN 21408 --- [HikariPool-5 housekeeper] com.zaxxer.hikari.pool.HikariPool        : HikariPool-5 - Thread starvation or clock leap detected (housekeeper delta=7h4m27s290ms608µs300ns).
2020-11-01 09:42:19.442  INFO 21408 --- [AsyncResolver-bootstrap-executor-0] c.n.d.s.r.aws.ConfigClusterResolver      : Resolving eureka endpoints via configuration
2020-11-01 09:47:19.448  INFO 21408 --- [AsyncResolver-bootstrap-executor-0] c.n.d.s.r.aws.ConfigClusterResolver      : Resolving eureka endpoints via configuration
2020-11-01 09:52:19.452  INFO 21408 --- [AsyncResolver-bootstrap-executor-0] c.n.d.s.r.aws.ConfigClusterResolver      : Resolving eureka endpoints via configuration
2020-11-01 09:57:19.454  INFO 21408 --- [AsyncResolver-bootstrap-executor-0] c.n.d.s.r.aws.ConfigClusterResolver      : Resolving eureka endpoints via configuration
2020-11-01 10:02:19.455  INFO 21408 --- [AsyncResolver-bootstrap-executor-0] c.n.d.s.r.aws.ConfigClusterResolver      : Resolving eureka endpoints via configuration
2020-11-01 10:07:19.457  INFO 21408 --- [AsyncResolver-bootstrap-executor-0] c.n.d.s.r.aws.ConfigClusterResolver      : Resolving eureka endpoints via configuration
2020-11-01 10:12:19.459  INFO 21408 --- [AsyncResolver-bootstrap-executor-0] c.n.d.s.r.aws.ConfigClusterResolver      : Resolving eureka endpoints via configuration
2020-11-01 10:17:19.461  INFO 21408 --- [AsyncResolver-bootstrap-executor-0] c.n.d.s.r.aws.ConfigClusterResolver      : Resolving eureka endpoints via configuration
2020-11-01 10:19:38.459  INFO 21408 --- [Thread-47] o.s.c.n.e.s.EurekaServiceRegistry        : Unregistering application PRODUCT-MGMT-SERVICE with eureka with status DOWN
2020-11-01 10:19:38.460  WARN 21408 --- [Thread-47] com.netflix.discovery.DiscoveryClient    : Saw local status change event StatusChangeEvent [timestamp=1604206178460, current=DOWN, previous=UP]
2020-11-01 10:19:38.467  WARN 21408 --- [DiscoveryClient-InstanceInfoReplicator-0] com.netflix.discovery.DiscoveryClient    : Saw local status change event StatusChangeEvent [timestamp=1604206178467, current=UP, previous=DOWN]
2020-11-01 10:19:38.467  INFO 21408 --- [DiscoveryClient-InstanceInfoReplicator-0] com.netflix.discovery.DiscoveryClient    : DiscoveryClient_PRODUCT-MGMT-SERVICE/DESKTOP-OKKG71L:product-mgmt-service:8003: registering service...
2020-11-01 10:19:38.550  INFO 21408 --- [DiscoveryClient-InstanceInfoReplicator-0] com.netflix.discovery.DiscoveryClient    : DiscoveryClient_PRODUCT-MGMT-SERVICE/DESKTOP-OKKG71L:product-mgmt-service:8003 - registration status: 204
2020-11-01 10:19:40.787  INFO 21408 --- [Thread-47] j.LocalContainerEntityManagerFactoryBean : Closing JPA EntityManagerFactory for persistence unit 'default'
2020-11-01 10:19:41.188  INFO 21408 --- [Thread-47] o.s.s.concurrent.ThreadPoolTaskExecutor  : Shutting down ExecutorService 'applicationTaskExecutor'
2020-11-01 10:19:41.189  INFO 21408 --- [Thread-47] com.zaxxer.hikari.HikariDataSource       : HikariPool-5 - Shutdown initiated...
2020-11-01 10:19:41.206  INFO 21408 --- [Thread-47] com.zaxxer.hikari.HikariDataSource       : HikariPool-5 - Shutdown completed.
2020-11-01 10:19:41.210  INFO 21408 --- [Thread-47] com.netflix.discovery.DiscoveryClient    : Shutting down DiscoveryClient ...
2020-11-01 10:19:44.215  INFO 21408 --- [Thread-47] com.netflix.discovery.DiscoveryClient    : Unregistering ...
2020-11-01 10:19:44.220  INFO 21408 --- [Thread-47] com.netflix.discovery.DiscoveryClient    : DiscoveryClient_PRODUCT-MGMT-SERVICE/DESKTOP-OKKG71L:product-mgmt-service:8003 - deregister  status: 200
2020-11-01 10:19:44.338  INFO 21408 --- [Thread-47] com.netflix.discovery.DiscoveryClient    : Completed shut down of DiscoveryClient
2020-11-01 10:19:55.998  INFO 21408 --- [restartedMain] c.g.p.ProductManagementSystem            : No active profile set, falling back to default profiles: default
2020-11-01 10:19:59.205  INFO 21408 --- [restartedMain] .s.d.r.c.RepositoryConfigurationDelegate : Bootstrapping Spring Data JPA repositories in DEFERRED mode.
2020-11-01 10:19:59.233  INFO 21408 --- [restartedMain] .s.d.r.c.RepositoryConfigurationDelegate : Finished Spring Data repository scanning in 26ms. Found 1 JPA repository interfaces.
2020-11-01 10:19:59.493  INFO 21408 --- [restartedMain] o.s.cloud.context.scope.GenericScope     : BeanFactory id=fb02c133-3c73-327b-b809-1d2774bebdf8
2020-11-01 10:20:00.262  INFO 21408 --- [restartedMain] o.s.b.w.embedded.tomcat.TomcatWebServer  : Tomcat initialized with port(s): 8003 (http)
2020-11-01 10:20:00.264  INFO 21408 --- [restartedMain] o.apache.catalina.core.StandardService   : Starting service [Tomcat]
2020-11-01 10:20:00.264  INFO 21408 --- [restartedMain] org.apache.catalina.core.StandardEngine  : Starting Servlet engine: [Apache Tomcat/9.0.38]
2020-11-01 10:20:00.346  INFO 21408 --- [restartedMain] o.a.c.c.C.[Tomcat].[localhost].[/]       : Initializing Spring embedded WebApplicationContext
2020-11-01 10:20:00.346  INFO 21408 --- [restartedMain] w.s.c.ServletWebServerApplicationContext : Root WebApplicationContext: initialization completed in 4338 ms
2020-11-01 10:20:00.744  INFO 21408 --- [restartedMain] o.s.s.concurrent.ThreadPoolTaskExecutor  : Initializing ExecutorService 'applicationTaskExecutor'
2020-11-01 10:20:00.776  INFO 21408 --- [task-1] o.hibernate.jpa.internal.util.LogHelper  : HHH000204: Processing PersistenceUnitInfo [name: default]
2020-11-01 10:20:00.823  INFO 21408 --- [task-1] com.zaxxer.hikari.HikariDataSource       : HikariPool-6 - Starting...
2020-11-01 10:20:00.887  INFO 21408 --- [task-1] com.zaxxer.hikari.HikariDataSource       : HikariPool-6 - Start completed.
2020-11-01 10:20:00.888  INFO 21408 --- [task-1] org.hibernate.dialect.Dialect            : HHH000400: Using dialect: org.hibernate.dialect.MySQL8Dialect
2020-11-01 10:20:01.322  WARN 21408 --- [restartedMain] JpaBaseConfiguration$JpaWebConfiguration : spring.jpa.open-in-view is enabled by default. Therefore, database queries may be performed during view rendering. Explicitly configure spring.jpa.open-in-view to disable this warning
2020-11-01 10:20:01.574  INFO 21408 --- [task-1] o.h.e.t.j.p.i.JtaPlatformInitiator       : HHH000490: Using JtaPlatform implementation: [org.hibernate.engine.transaction.jta.platform.internal.NoJtaPlatform]
2020-11-01 10:20:01.576  INFO 21408 --- [task-1] j.LocalContainerEntityManagerFactoryBean : Initialized JPA EntityManagerFactory for persistence unit 'default'
2020-11-01 10:20:04.257  INFO 21408 --- [restartedMain] o.s.b.a.e.web.EndpointLinksResolver      : Exposing 18 endpoint(s) beneath base path '/actuator'
2020-11-01 10:20:04.309  INFO 21408 --- [task-2] o.s.b.d.a.OptionalLiveReloadServer       : LiveReload server is running on port 35729
2020-11-01 10:20:04.506  WARN 21408 --- [restartedMain] c.n.c.sources.URLConfigurationSource     : No URLs will be polled as dynamic configuration sources.
2020-11-01 10:20:04.507  INFO 21408 --- [restartedMain] c.n.c.sources.URLConfigurationSource     : To enable URLs as dynamic configuration sources, define System property archaius.configurationSource.additionalUrls or make config.properties available on classpath.
2020-11-01 10:20:06.614  WARN 21408 --- [restartedMain] ockingLoadBalancerClientRibbonWarnLogger : You already have RibbonLoadBalancerClient on your classpath. It will be used by default. As Spring Cloud Ribbon is in maintenance mode. We recommend switching to BlockingLoadBalancerClient instead. In order to use it, set the value of `spring.cloud.loadbalancer.ribbon.enabled` to `false` or remove spring-cloud-starter-netflix-ribbon from your project.
2020-11-01 10:20:06.993  INFO 21408 --- [restartedMain] o.s.c.n.eureka.InstanceInfoFactory       : Setting initial instance status as: STARTING
2020-11-01 10:20:06.999  INFO 21408 --- [restartedMain] com.netflix.discovery.DiscoveryClient    : Initializing Eureka in region us-east-1
2020-11-01 10:20:07.113  INFO 21408 --- [restartedMain] c.n.d.provider.DiscoveryJerseyProvider   : Using JSON encoding codec LegacyJacksonJson
2020-11-01 10:20:07.114  INFO 21408 --- [restartedMain] c.n.d.provider.DiscoveryJerseyProvider   : Using JSON decoding codec LegacyJacksonJson
2020-11-01 10:20:07.114  INFO 21408 --- [restartedMain] c.n.d.provider.DiscoveryJerseyProvider   : Using XML encoding codec XStreamXml
2020-11-01 10:20:07.114  INFO 21408 --- [restartedMain] c.n.d.provider.DiscoveryJerseyProvider   : Using XML decoding codec XStreamXml
2020-11-01 10:20:08.073  INFO 21408 --- [restartedMain] c.n.d.s.r.aws.ConfigClusterResolver      : Resolving eureka endpoints via configuration
2020-11-01 10:20:08.105  INFO 21408 --- [restartedMain] com.netflix.discovery.DiscoveryClient    : Disable delta property : false
2020-11-01 10:20:08.105  INFO 21408 --- [restartedMain] com.netflix.discovery.DiscoveryClient    : Single vip registry refresh property : null
2020-11-01 10:20:08.105  INFO 21408 --- [restartedMain] com.netflix.discovery.DiscoveryClient    : Force full registry fetch : false
2020-11-01 10:20:08.105  INFO 21408 --- [restartedMain] com.netflix.discovery.DiscoveryClient    : Application is null : false
2020-11-01 10:20:08.105  INFO 21408 --- [restartedMain] com.netflix.discovery.DiscoveryClient    : Registered Applications size is zero : true
2020-11-01 10:20:08.106  INFO 21408 --- [restartedMain] com.netflix.discovery.DiscoveryClient    : Application version is -1: true
2020-11-01 10:20:08.106  INFO 21408 --- [restartedMain] com.netflix.discovery.DiscoveryClient    : Getting all instance registry info from the eureka server
2020-11-01 10:20:08.112  INFO 21408 --- [restartedMain] com.netflix.discovery.DiscoveryClient    : The response status is 200
2020-11-01 10:20:08.113  INFO 21408 --- [restartedMain] com.netflix.discovery.DiscoveryClient    : Starting heartbeat executor: renew interval is: 30
2020-11-01 10:20:08.114  INFO 21408 --- [restartedMain] c.n.discovery.InstanceInfoReplicator     : InstanceInfoReplicator onDemand update allowed rate per min is 4
2020-11-01 10:20:08.118  INFO 21408 --- [restartedMain] com.netflix.discovery.DiscoveryClient    : Discovery Client initialized at timestamp 1604206208118 with initial instances count: 1
2020-11-01 10:20:08.123  INFO 21408 --- [restartedMain] o.s.c.n.e.s.EurekaServiceRegistry        : Registering application PRODUCT-MGMT-SERVICE with eureka with status UP
2020-11-01 10:20:08.123  INFO 21408 --- [restartedMain] com.netflix.discovery.DiscoveryClient    : Saw local status change event StatusChangeEvent [timestamp=1604206208123, current=UP, previous=STARTING]
2020-11-01 10:20:08.123  WARN 21408 --- [restartedMain] c.n.discovery.InstanceInfoReplicator     : Ignoring onDemand update due to rate limiter
2020-11-01 10:20:08.129  INFO 21408 --- [DiscoveryClient-InstanceInfoReplicator-0] com.netflix.discovery.DiscoveryClient    : DiscoveryClient_PRODUCT-MGMT-SERVICE/DESKTOP-OKKG71L:product-mgmt-service:8003: registering service...
2020-11-01 10:20:08.138  INFO 21408 --- [restartedMain] o.s.b.w.embedded.tomcat.TomcatWebServer  : Tomcat started on port(s): 8003 (http) with context path ''
2020-11-01 10:20:08.139  INFO 21408 --- [restartedMain] .s.c.n.e.s.EurekaAutoServiceRegistration : Updating port to 8003
2020-11-01 10:20:08.141  INFO 21408 --- [DiscoveryClient-InstanceInfoReplicator-0] com.netflix.discovery.DiscoveryClient    : DiscoveryClient_PRODUCT-MGMT-SERVICE/DESKTOP-OKKG71L:product-mgmt-service:8003 - registration status: 204
2020-11-01 10:20:10.052  INFO 21408 --- [restartedMain] DeferredRepositoryInitializationListener : Triggering deferred initialization of Spring Data repositories…
2020-11-01 10:20:10.090  INFO 21408 --- [restartedMain] DeferredRepositoryInitializationListener : Spring Data repositories initialized!
2020-11-01 10:20:10.113  INFO 21408 --- [restartedMain] c.g.p.ProductManagementSystem            : Started ProductManagementSystem in 17.826 seconds (JVM running for 43334.527)
2020-11-01 10:20:10.121  INFO 21408 --- [restartedMain] .ConditionEvaluationDeltaLoggingListener : Condition evaluation unchanged
2020-11-01 10:25:08.109  INFO 21408 --- [AsyncResolver-bootstrap-executor-0] c.n.d.s.r.aws.ConfigClusterResolver      : Resolving eureka endpoints via configuration
2020-11-01 10:30:08.111  INFO 21408 --- [AsyncResolver-bootstrap-executor-0] c.n.d.s.r.aws.ConfigClusterResolver      : Resolving eureka endpoints via configuration
2020-11-01 10:35:08.117  INFO 21408 --- [AsyncResolver-bootstrap-executor-0] c.n.d.s.r.aws.ConfigClusterResolver      : Resolving eureka endpoints via configuration
2020-11-01 10:40:08.117  INFO 21408 --- [AsyncResolver-bootstrap-executor-0] c.n.d.s.r.aws.ConfigClusterResolver      : Resolving eureka endpoints via configuration
2020-11-01 10:45:08.118  INFO 21408 --- [AsyncResolver-bootstrap-executor-0] c.n.d.s.r.aws.ConfigClusterResolver      : Resolving eureka endpoints via configuration
2020-11-01 10:50:08.120  INFO 21408 --- [AsyncResolver-bootstrap-executor-0] c.n.d.s.r.aws.ConfigClusterResolver      : Resolving eureka endpoints via configuration
2020-11-01 10:55:08.122  INFO 21408 --- [AsyncResolver-bootstrap-executor-0] c.n.d.s.r.aws.ConfigClusterResolver      : Resolving eureka endpoints via configuration
2020-11-01 11:00:08.124  INFO 21408 --- [AsyncResolver-bootstrap-executor-0] c.n.d.s.r.aws.ConfigClusterResolver      : Resolving eureka endpoints via configuration
2020-11-01 11:05:08.125  INFO 21408 --- [AsyncResolver-bootstrap-executor-0] c.n.d.s.r.aws.ConfigClusterResolver      : Resolving eureka endpoints via configuration
2020-11-01 11:10:08.126  INFO 21408 --- [AsyncResolver-bootstrap-executor-0] c.n.d.s.r.aws.ConfigClusterResolver      : Resolving eureka endpoints via configuration
2020-11-01 11:15:08.127  INFO 21408 --- [AsyncResolver-bootstrap-executor-0] c.n.d.s.r.aws.ConfigClusterResolver      : Resolving eureka endpoints via configuration
2020-11-01 11:20:08.130  INFO 21408 --- [AsyncResolver-bootstrap-executor-0] c.n.d.s.r.aws.ConfigClusterResolver      : Resolving eureka endpoints via configuration
2020-11-01 11:25:08.192  INFO 21408 --- [AsyncResolver-bootstrap-executor-0] c.n.d.s.r.aws.ConfigClusterResolver      : Resolving eureka endpoints via configuration
