2020-11-07 13:08:41,042 [Worker-3: Loading available Gradle versions] INFO  o.e.b.c.i.u.g.PublishedGradleVersions - Gradle version information cache is up-to-date. Trying to read.
2020-11-07 13:09:38,077 [Worker-6: Building workspace] INFO  o.e.m.c.i.l.LifecycleMappingFactory - Using org.eclipse.m2e.jdt.JarLifecycleMapping lifecycle mapping for MavenProject: com.capgemini.pune:MyEurekaServer:0.0.1-SNAPSHOT @ C:\Users\HP\Desktop\Great-Outdoors\Great Outdoor\MyEurekaServer\pom.xml.
2020-11-07 13:10:03,319 [Worker-6: Building workspace] INFO  o.e.m.c.i.embedder.EclipseLogger - Using 'UTF-8' encoding to copy filtered resources.
2020-11-07 13:10:03,327 [Worker-6: Building workspace] INFO  o.e.m.c.i.embedder.EclipseLogger - Copying 1 resource
2020-11-07 13:10:03,367 [Worker-6: Building workspace] INFO  o.e.m.c.i.embedder.EclipseLogger - Copying 0 resource
2020-11-07 13:10:03,373 [Worker-6: Building workspace] INFO  o.e.m.c.i.embedder.EclipseLogger - Using 'UTF-8' encoding to copy filtered resources.
2020-11-07 13:10:03,373 [Worker-6: Building workspace] INFO  o.e.m.c.i.embedder.EclipseLogger - skip non existing resourceDirectory C:\Users\HP\Desktop\Great-Outdoors\Great Outdoor\MyEurekaServer\src\test\resources
2020-11-07 13:10:06,143 [Worker-4: Updating Maven Dependencies] INFO  o.e.m.c.i.l.LifecycleMappingFactory - Using org.eclipse.m2e.jdt.JarLifecycleMapping lifecycle mapping for MavenProject: com.capgemini.pune:MyEurekaServer:0.0.1-SNAPSHOT @ C:\Users\HP\Desktop\Great-Outdoors\Great Outdoor\MyEurekaServer\pom.xml.
2020-11-07 13:10:17,637 [Worker-5: Updating Maven Dependencies] INFO  o.e.m.c.i.l.LifecycleMappingFactory - Using org.eclipse.m2e.jdt.JarLifecycleMapping lifecycle mapping for MavenProject: com.example:GreatOutdoors:0.0.1-SNAPSHOT @ C:\Users\HP\Desktop\Great-Outdoors\Great Outdoor\AddToCart\pom.xml.
2020-11-07 13:10:19,980 [Worker-14: Building workspace] INFO  o.e.m.c.i.l.LifecycleMappingFactory - Using org.eclipse.m2e.jdt.JarLifecycleMapping lifecycle mapping for MavenProject: com.example:GreatOutdoors:0.0.1-SNAPSHOT @ C:\Users\HP\Desktop\Great-Outdoors\Great Outdoor\AddToCart\pom.xml.
2020-11-07 13:10:28,661 [Worker-14: Building workspace] INFO  o.e.m.c.i.embedder.EclipseLogger - Using 'UTF-8' encoding to copy filtered resources.
2020-11-07 13:10:28,662 [Worker-14: Building workspace] INFO  o.e.m.c.i.embedder.EclipseLogger - Copying 1 resource
2020-11-07 13:10:28,670 [Worker-14: Building workspace] INFO  o.e.m.c.i.embedder.EclipseLogger - Copying 7 resources
2020-11-07 13:10:28,742 [Worker-14: Building workspace] INFO  o.e.m.c.i.embedder.EclipseLogger - Using 'UTF-8' encoding to copy filtered resources.
2020-11-07 13:10:28,742 [Worker-14: Building workspace] INFO  o.e.m.c.i.embedder.EclipseLogger - skip non existing resourceDirectory C:\Users\HP\Desktop\Great-Outdoors\Great Outdoor\AddToCart\src\test\resources
2020-11-07 13:10:31,672 [Worker-15: Updating Maven Dependencies] INFO  o.e.m.c.i.l.LifecycleMappingFactory - Using org.eclipse.m2e.jdt.JarLifecycleMapping lifecycle mapping for MavenProject: com.example:GreatOutdoors:0.0.1-SNAPSHOT @ C:\Users\HP\Desktop\Great-Outdoors\Great Outdoor\AddToCart\pom.xml.
2020-11-07 13:10:34,050 [Worker-14: Building workspace] INFO  o.e.m.c.i.l.LifecycleMappingFactory - Using org.eclipse.m2e.jdt.JarLifecycleMapping lifecycle mapping for MavenProject: com.example:GreatOutdoors:0.0.1-SNAPSHOT @ C:\Users\HP\Desktop\Great-Outdoors\Great Outdoor\AddressManagementSystem\pom.xml.
2020-11-07 13:10:36,206 [Worker-14: Building workspace] WARN  o.e.m.c.i.embedder.EclipseLogger - The artifact org.hibernate:hibernate-validator:jar:6.0.12.Final has been relocated to org.hibernate.validator:hibernate-validator:jar:6.0.12.Final
2020-11-07 13:10:37,566 [Worker-14: Building workspace] INFO  o.e.m.c.i.embedder.EclipseLogger - Using 'UTF-8' encoding to copy filtered resources.
2020-11-07 13:10:37,567 [Worker-14: Building workspace] INFO  o.e.m.c.i.embedder.EclipseLogger - Copying 1 resource
2020-11-07 13:10:37,594 [Worker-14: Building workspace] INFO  o.e.m.c.i.embedder.EclipseLogger - Copying 3 resources
2020-11-07 13:10:37,599 [Worker-14: Building workspace] INFO  o.e.m.c.i.embedder.EclipseLogger - Using 'UTF-8' encoding to copy filtered resources.
2020-11-07 13:10:37,600 [Worker-14: Building workspace] INFO  o.e.m.c.i.embedder.EclipseLogger - skip non existing resourceDirectory C:\Users\HP\Desktop\Great-Outdoors\Great Outdoor\AddressManagementSystem\src\test\resources
2020-11-07 13:10:41,984 [Worker-0: Updating Maven Dependencies] INFO  o.e.m.c.i.l.LifecycleMappingFactory - Using org.eclipse.m2e.jdt.JarLifecycleMapping lifecycle mapping for MavenProject: com.example:GreatOutdoors:0.0.1-SNAPSHOT @ C:\Users\HP\Desktop\Great-Outdoors\Great Outdoor\AddToCart\pom.xml.
2020-11-07 13:10:46,322 [Worker-0: Updating Maven Dependencies] INFO  o.e.m.c.i.l.LifecycleMappingFactory - Using org.eclipse.m2e.jdt.JarLifecycleMapping lifecycle mapping for MavenProject: com.example:GreatOutdoors:0.0.1-SNAPSHOT @ C:\Users\HP\Desktop\Great-Outdoors\Great Outdoor\AddressManagementSystem\pom.xml.
2020-11-07 13:10:46,526 [Worker-0: Updating Maven Dependencies] WARN  o.e.m.c.i.embedder.EclipseLogger - The artifact org.hibernate:hibernate-validator:jar:6.0.12.Final has been relocated to org.hibernate.validator:hibernate-validator:jar:6.0.12.Final
2020-11-07 13:11:04,706 [Worker-6: Building workspace] INFO  o.e.m.c.i.embedder.EclipseLogger - Using 'UTF-8' encoding to copy filtered resources.
2020-11-07 13:11:04,709 [Worker-6: Building workspace] INFO  o.e.m.c.i.embedder.EclipseLogger - Copying 0 resource
2020-11-07 13:11:04,711 [Worker-6: Building workspace] INFO  o.e.m.c.i.embedder.EclipseLogger - Copying 0 resource
2020-11-07 13:11:04,717 [Worker-6: Building workspace] INFO  o.e.m.c.i.embedder.EclipseLogger - Using 'UTF-8' encoding to copy filtered resources.
2020-11-07 13:11:04,718 [Worker-6: Building workspace] INFO  o.e.m.c.i.embedder.EclipseLogger - skip non existing resourceDirectory C:\Users\HP\Desktop\Great-Outdoors\Great Outdoor\AddToCart\src\test\resources
2020-11-07 13:11:06,834 [Worker-6: Building workspace] WARN  o.e.m.c.i.embedder.EclipseLogger - The artifact org.hibernate:hibernate-validator:jar:6.0.12.Final has been relocated to org.hibernate.validator:hibernate-validator:jar:6.0.12.Final
2020-11-07 13:11:07,091 [Worker-6: Building workspace] INFO  o.e.m.c.i.embedder.EclipseLogger - Using 'UTF-8' encoding to copy filtered resources.
2020-11-07 13:11:07,092 [Worker-6: Building workspace] INFO  o.e.m.c.i.embedder.EclipseLogger - Copying 0 resource
2020-11-07 13:11:07,092 [Worker-6: Building workspace] INFO  o.e.m.c.i.embedder.EclipseLogger - Copying 0 resource
2020-11-07 13:11:07,095 [Worker-6: Building workspace] INFO  o.e.m.c.i.embedder.EclipseLogger - Using 'UTF-8' encoding to copy filtered resources.
2020-11-07 13:11:07,095 [Worker-6: Building workspace] INFO  o.e.m.c.i.embedder.EclipseLogger - skip non existing resourceDirectory C:\Users\HP\Desktop\Great-Outdoors\Great Outdoor\AddressManagementSystem\src\test\resources
2020-11-07 13:11:10,809 [Worker-4: Updating Maven Dependencies] INFO  o.e.m.c.i.l.LifecycleMappingFactory - Using org.eclipse.m2e.jdt.JarLifecycleMapping lifecycle mapping for MavenProject: com.example:GreatOutdoors:0.0.1-SNAPSHOT @ C:\Users\HP\Desktop\Great-Outdoors\Great Outdoor\WishlistManagementSystem\pom.xml.
2020-11-07 13:11:13,012 [Worker-10: Building workspace] INFO  o.e.m.c.i.embedder.EclipseLogger - Using 'UTF-8' encoding to copy filtered resources.
2020-11-07 13:11:13,015 [Worker-10: Building workspace] INFO  o.e.m.c.i.embedder.EclipseLogger - Copying 1 resource
2020-11-07 13:11:13,018 [Worker-10: Building workspace] INFO  o.e.m.c.i.embedder.EclipseLogger - Copying 0 resource
2020-11-07 13:11:13,022 [Worker-10: Building workspace] INFO  o.e.m.c.i.embedder.EclipseLogger - Using 'UTF-8' encoding to copy filtered resources.
2020-11-07 13:11:13,022 [Worker-10: Building workspace] INFO  o.e.m.c.i.embedder.EclipseLogger - skip non existing resourceDirectory C:\Users\HP\Desktop\Great-Outdoors\Great Outdoor\MyEurekaServer\src\test\resources
2020-11-07 13:11:21,327 [Worker-4: Building workspace] INFO  o.e.m.c.i.l.LifecycleMappingFactory - Using org.eclipse.m2e.jdt.JarLifecycleMapping lifecycle mapping for MavenProject: com.example:GreatOutdoors:0.0.1-SNAPSHOT @ C:\Users\HP\Desktop\Great-Outdoors\Great Outdoor\ProductManagementSystem\pom.xml.
2020-11-07 13:11:22,575 [Worker-4: Building workspace] WARN  o.e.m.c.i.embedder.EclipseLogger - The artifact org.hibernate:hibernate-validator:jar:6.0.12.Final has been relocated to org.hibernate.validator:hibernate-validator:jar:6.0.12.Final
2020-11-07 13:11:23,321 [Worker-4: Building workspace] INFO  o.e.m.c.i.embedder.EclipseLogger - Using 'UTF-8' encoding to copy filtered resources.
2020-11-07 13:11:23,322 [Worker-4: Building workspace] INFO  o.e.m.c.i.embedder.EclipseLogger - Copying 1 resource
2020-11-07 13:11:23,326 [Worker-4: Building workspace] INFO  o.e.m.c.i.embedder.EclipseLogger - Copying 8 resources
2020-11-07 13:11:23,366 [Worker-4: Building workspace] INFO  o.e.m.c.i.embedder.EclipseLogger - Using 'UTF-8' encoding to copy filtered resources.
2020-11-07 13:11:23,366 [Worker-4: Building workspace] INFO  o.e.m.c.i.embedder.EclipseLogger - skip non existing resourceDirectory C:\Users\HP\Desktop\Great-Outdoors\Great Outdoor\ProductManagementSystem\src\test\resources
2020-11-07 13:11:27,057 [Worker-4: Building workspace] INFO  o.e.m.c.i.embedder.EclipseLogger - Using 'UTF-8' encoding to copy filtered resources.
2020-11-07 13:11:27,058 [Worker-4: Building workspace] INFO  o.e.m.c.i.embedder.EclipseLogger - Copying 1 resource
2020-11-07 13:11:27,063 [Worker-4: Building workspace] INFO  o.e.m.c.i.embedder.EclipseLogger - Copying 0 resource
2020-11-07 13:11:27,069 [Worker-4: Building workspace] INFO  o.e.m.c.i.embedder.EclipseLogger - Using 'UTF-8' encoding to copy filtered resources.
2020-11-07 13:11:27,069 [Worker-4: Building workspace] INFO  o.e.m.c.i.embedder.EclipseLogger - skip non existing resourceDirectory C:\Users\HP\Desktop\Great-Outdoors\Great Outdoor\WishlistManagementSystem\src\test\resources
2020-11-07 13:11:33,683 [Worker-16: Building workspace] INFO  o.e.m.c.i.l.LifecycleMappingFactory - Using org.eclipse.m2e.jdt.JarLifecycleMapping lifecycle mapping for MavenProject: com.example:GreatOutdoors:0.0.1-SNAPSHOT @ C:\Users\HP\Desktop\Great-Outdoors\LoginMicroservice\pom.xml.
2020-11-07 13:11:34,800 [Worker-16: Building workspace] WARN  o.e.m.c.i.embedder.EclipseLogger - The artifact org.hibernate:hibernate-validator:jar:6.0.12.Final has been relocated to org.hibernate.validator:hibernate-validator:jar:6.0.12.Final
2020-11-07 13:11:35,564 [Worker-16: Building workspace] INFO  o.e.m.c.i.embedder.EclipseLogger - Using 'UTF-8' encoding to copy filtered resources.
2020-11-07 13:11:35,564 [Worker-16: Building workspace] INFO  o.e.m.c.i.embedder.EclipseLogger - Copying 1 resource
2020-11-07 13:11:35,568 [Worker-16: Building workspace] INFO  o.e.m.c.i.embedder.EclipseLogger - Copying 8 resources
2020-11-07 13:11:35,604 [Worker-16: Building workspace] INFO  o.e.m.c.i.embedder.EclipseLogger - Using 'UTF-8' encoding to copy filtered resources.
2020-11-07 13:11:35,605 [Worker-16: Building workspace] INFO  o.e.m.c.i.embedder.EclipseLogger - skip non existing resourceDirectory C:\Users\HP\Desktop\Great-Outdoors\LoginMicroservice\src\test\resources
2020-11-07 13:11:37,473 [Worker-2: Updating Maven Dependencies] INFO  o.e.m.c.i.l.LifecycleMappingFactory - Using org.eclipse.m2e.jdt.JarLifecycleMapping lifecycle mapping for MavenProject: com.example:GreatOutdoors:0.0.1-SNAPSHOT @ C:\Users\HP\Desktop\Great-Outdoors\LoginMicroservice\pom.xml.
2020-11-07 13:11:39,559 [Worker-2: Updating Maven Dependencies] WARN  o.e.m.c.i.embedder.EclipseLogger - The artifact org.hibernate:hibernate-validator:jar:6.0.12.Final has been relocated to org.hibernate.validator:hibernate-validator:jar:6.0.12.Final
2020-11-07 13:11:42,457 [Worker-9: Building workspace] WARN  o.e.m.c.i.embedder.EclipseLogger - The artifact org.hibernate:hibernate-validator:jar:6.0.12.Final has been relocated to org.hibernate.validator:hibernate-validator:jar:6.0.12.Final
2020-11-07 13:11:42,670 [Worker-9: Building workspace] INFO  o.e.m.c.i.embedder.EclipseLogger - Using 'UTF-8' encoding to copy filtered resources.
2020-11-07 13:11:42,671 [Worker-9: Building workspace] INFO  o.e.m.c.i.embedder.EclipseLogger - Copying 0 resource
2020-11-07 13:11:42,672 [Worker-9: Building workspace] INFO  o.e.m.c.i.embedder.EclipseLogger - Copying 0 resource
2020-11-07 13:11:42,677 [Worker-9: Building workspace] INFO  o.e.m.c.i.embedder.EclipseLogger - Using 'UTF-8' encoding to copy filtered resources.
2020-11-07 13:11:42,677 [Worker-9: Building workspace] INFO  o.e.m.c.i.embedder.EclipseLogger - skip non existing resourceDirectory C:\Users\HP\Desktop\Great-Outdoors\LoginMicroservice\src\test\resources
2020-11-07 13:13:40,404 [Worker-18: Check for devtools] WARN  o.e.m.c.i.embedder.EclipseLogger - The artifact org.hibernate:hibernate-validator:jar:6.0.12.Final has been relocated to org.hibernate.validator:hibernate-validator:jar:6.0.12.Final
2020-11-07 13:13:53,331 [Worker-20: Updating Maven Project] INFO  o.e.m.c.i.p.ProjectConfigurationManager - Update started
2020-11-07 13:13:56,430 [Worker-20: Updating Maven Project] INFO  o.e.m.c.i.l.LifecycleMappingFactory - Using org.eclipse.m2e.jdt.JarLifecycleMapping lifecycle mapping for MavenProject: com.example:GreatOutdoors:0.0.1-SNAPSHOT @ C:\Users\HP\Desktop\Great-Outdoors\LoginMicroservice\pom.xml.
2020-11-07 13:13:58,171 [Worker-20: Updating Maven Project] INFO  o.e.m.c.i.e.AbstractTransferListenerAdapter - Downloading http://oss.jfrog.org/artifactory/oss-snapshot-local/io/springfox/springfox-swagger-ui/3.0.0-SNAPSHOT/maven-metadata.xml
2020-11-07 13:13:58,550 [Worker-20: Updating Maven Project] INFO  o.e.m.c.i.e.AbstractTransferListenerAdapter - Downloaded http://oss.jfrog.org/artifactory/oss-snapshot-local/io/springfox/springfox-swagger-ui/3.0.0-SNAPSHOT/maven-metadata.xml
2020-11-07 13:13:58,976 [Worker-20: Updating Maven Project] INFO  o.e.m.c.i.e.AbstractTransferListenerAdapter - Downloading http://oss.jfrog.org/artifactory/oss-snapshot-local/io/springfox/springfox-spring-webmvc/3.0.0-SNAPSHOT/maven-metadata.xml
2020-11-07 13:13:59,329 [Worker-20: Updating Maven Project] INFO  o.e.m.c.i.e.AbstractTransferListenerAdapter - Downloaded http://oss.jfrog.org/artifactory/oss-snapshot-local/io/springfox/springfox-spring-webmvc/3.0.0-SNAPSHOT/maven-metadata.xml
2020-11-07 13:13:59,680 [Worker-20: Updating Maven Project] INFO  o.e.m.c.i.e.AbstractTransferListenerAdapter - Downloading http://oss.jfrog.org/artifactory/oss-snapshot-local/io/springfox/springfox-spi/3.0.0-SNAPSHOT/maven-metadata.xml
2020-11-07 13:14:00,037 [Worker-20: Updating Maven Project] INFO  o.e.m.c.i.e.AbstractTransferListenerAdapter - Downloaded http://oss.jfrog.org/artifactory/oss-snapshot-local/io/springfox/springfox-spi/3.0.0-SNAPSHOT/maven-metadata.xml
2020-11-07 13:14:00,383 [Worker-20: Updating Maven Project] INFO  o.e.m.c.i.e.AbstractTransferListenerAdapter - Downloading http://oss.jfrog.org/artifactory/oss-snapshot-local/io/springfox/springfox-core/3.0.0-SNAPSHOT/maven-metadata.xml
2020-11-07 13:14:00,737 [Worker-20: Updating Maven Project] INFO  o.e.m.c.i.e.AbstractTransferListenerAdapter - Downloaded http://oss.jfrog.org/artifactory/oss-snapshot-local/io/springfox/springfox-core/3.0.0-SNAPSHOT/maven-metadata.xml
2020-11-07 13:14:01,085 [Worker-20: Updating Maven Project] INFO  o.e.m.c.i.e.AbstractTransferListenerAdapter - Downloading http://oss.jfrog.org/artifactory/oss-snapshot-local/io/springfox/springfox-schema/3.0.0-SNAPSHOT/maven-metadata.xml
2020-11-07 13:14:01,438 [Worker-20: Updating Maven Project] INFO  o.e.m.c.i.e.AbstractTransferListenerAdapter - Downloaded http://oss.jfrog.org/artifactory/oss-snapshot-local/io/springfox/springfox-schema/3.0.0-SNAPSHOT/maven-metadata.xml
2020-11-07 13:14:01,780 [Worker-20: Updating Maven Project] INFO  o.e.m.c.i.e.AbstractTransferListenerAdapter - Downloading http://oss.jfrog.org/artifactory/oss-snapshot-local/io/springfox/springfox-spring-web/3.0.0-SNAPSHOT/maven-metadata.xml
2020-11-07 13:14:02,128 [Worker-20: Updating Maven Project] INFO  o.e.m.c.i.e.AbstractTransferListenerAdapter - Downloaded http://oss.jfrog.org/artifactory/oss-snapshot-local/io/springfox/springfox-spring-web/3.0.0-SNAPSHOT/maven-metadata.xml
2020-11-07 13:14:02,494 [Worker-20: Updating Maven Project] INFO  o.e.m.c.i.e.AbstractTransferListenerAdapter - Downloading http://oss.jfrog.org/artifactory/oss-snapshot-local/io/springfox/springfox-swagger2/3.0.0-SNAPSHOT/maven-metadata.xml
2020-11-07 13:14:02,862 [Worker-20: Updating Maven Project] INFO  o.e.m.c.i.e.AbstractTransferListenerAdapter - Downloaded http://oss.jfrog.org/artifactory/oss-snapshot-local/io/springfox/springfox-swagger2/3.0.0-SNAPSHOT/maven-metadata.xml
2020-11-07 13:14:03,204 [Worker-20: Updating Maven Project] INFO  o.e.m.c.i.e.AbstractTransferListenerAdapter - Downloading http://oss.jfrog.org/artifactory/oss-snapshot-local/io/springfox/springfox-swagger-common/3.0.0-SNAPSHOT/maven-metadata.xml
2020-11-07 13:14:03,578 [Worker-20: Updating Maven Project] INFO  o.e.m.c.i.e.AbstractTransferListenerAdapter - Downloaded http://oss.jfrog.org/artifactory/oss-snapshot-local/io/springfox/springfox-swagger-common/3.0.0-SNAPSHOT/maven-metadata.xml
2020-11-07 13:14:03,948 [Worker-20: Updating Maven Project] INFO  o.e.m.c.i.e.AbstractTransferListenerAdapter - Downloading http://oss.jfrog.org/artifactory/oss-snapshot-local/io/springfox/springfox-spring-webflux/3.0.0-SNAPSHOT/maven-metadata.xml
2020-11-07 13:14:04,333 [Worker-20: Updating Maven Project] INFO  o.e.m.c.i.e.AbstractTransferListenerAdapter - Downloaded http://oss.jfrog.org/artifactory/oss-snapshot-local/io/springfox/springfox-spring-webflux/3.0.0-SNAPSHOT/maven-metadata.xml
2020-11-07 13:14:04,725 [Worker-20: Updating Maven Project] INFO  o.e.m.c.i.e.AbstractTransferListenerAdapter - Downloading http://oss.jfrog.org/artifactory/oss-snapshot-local/io/springfox/springfox-data-rest/3.0.0-SNAPSHOT/maven-metadata.xml
2020-11-07 13:14:05,089 [Worker-20: Updating Maven Project] INFO  o.e.m.c.i.e.AbstractTransferListenerAdapter - Downloaded http://oss.jfrog.org/artifactory/oss-snapshot-local/io/springfox/springfox-data-rest/3.0.0-SNAPSHOT/maven-metadata.xml
2020-11-07 13:14:05,188 [Worker-20: Updating Maven Project] WARN  o.e.m.c.i.embedder.EclipseLogger - The artifact org.hibernate:hibernate-validator:jar:6.0.12.Final has been relocated to org.hibernate.validator:hibernate-validator:jar:6.0.12.Final
2020-11-07 13:14:05,891 [Worker-20: Updating Maven Project] INFO  o.e.m.c.i.l.LifecycleMappingFactory - Using org.eclipse.m2e.jdt.JarLifecycleMapping lifecycle mapping for MavenProject: com.example:GreatOutdoors:0.0.1-SNAPSHOT @ C:\Users\HP\Desktop\Great-Outdoors\Great Outdoor\AddressManagementSystem\pom.xml.
2020-11-07 13:14:05,920 [Worker-20: Updating Maven Project] WARN  o.e.m.c.i.embedder.EclipseLogger - The artifact org.hibernate:hibernate-validator:jar:6.0.12.Final has been relocated to org.hibernate.validator:hibernate-validator:jar:6.0.12.Final
2020-11-07 13:14:06,349 [Worker-20: Updating Maven Project] INFO  o.e.m.c.i.l.LifecycleMappingFactory - Using org.eclipse.m2e.jdt.JarLifecycleMapping lifecycle mapping for MavenProject: com.example:GreatOutdoors:0.0.1-SNAPSHOT @ C:\Users\HP\Desktop\Great-Outdoors\Great Outdoor\AddToCart\pom.xml.
2020-11-07 13:14:06,797 [Worker-20: Updating Maven Project] INFO  o.e.m.c.i.l.LifecycleMappingFactory - Using org.eclipse.m2e.jdt.JarLifecycleMapping lifecycle mapping for MavenProject: com.capgemini.pune:MyEurekaServer:0.0.1-SNAPSHOT @ C:\Users\HP\Desktop\Great-Outdoors\Great Outdoor\MyEurekaServer\pom.xml.
2020-11-07 13:14:07,719 [Worker-20: Updating Maven Project] INFO  o.e.m.c.i.l.LifecycleMappingFactory - Using org.eclipse.m2e.jdt.JarLifecycleMapping lifecycle mapping for MavenProject: com.example:GreatOutdoors:0.0.1-SNAPSHOT @ C:\Users\HP\Desktop\Great-Outdoors\Great Outdoor\WishlistManagementSystem\pom.xml.
2020-11-07 13:14:08,257 [Worker-20: Updating Maven Project] INFO  o.e.m.c.i.l.LifecycleMappingFactory - Using org.eclipse.m2e.jdt.JarLifecycleMapping lifecycle mapping for MavenProject: com.example:GreatOutdoors:0.0.1-SNAPSHOT @ C:\Users\HP\Desktop\Great-Outdoors\Great Outdoor\ProductManagementSystem\pom.xml.
2020-11-07 13:14:08,277 [Worker-20: Updating Maven Project] WARN  o.e.m.c.i.embedder.EclipseLogger - The artifact org.hibernate:hibernate-validator:jar:6.0.12.Final has been relocated to org.hibernate.validator:hibernate-validator:jar:6.0.12.Final
2020-11-07 13:14:10,761 [Worker-20: Updating Maven Project] INFO  o.e.m.j.i.AbstractJavaProjectConfigurator - Adding source folder /AddressManagementSystem/src/main/java
2020-11-07 13:14:10,762 [Worker-20: Updating Maven Project] INFO  o.e.m.j.i.AbstractJavaProjectConfigurator - Adding resource folder /AddressManagementSystem/src/main/resources
2020-11-07 13:14:10,762 [Worker-20: Updating Maven Project] INFO  o.e.m.j.i.AbstractJavaProjectConfigurator - Adding resource folder /AddressManagementSystem/src/main/resources
2020-11-07 13:14:10,763 [Worker-20: Updating Maven Project] INFO  o.e.m.j.i.AbstractJavaProjectConfigurator - Adding source folder /AddressManagementSystem/src/test/java
2020-11-07 13:14:11,627 [Worker-20: Updating Maven Project] INFO  o.e.m.j.i.AbstractJavaProjectConfigurator - Adding source folder /AddToCart/src/main/java
2020-11-07 13:14:11,628 [Worker-20: Updating Maven Project] INFO  o.e.m.j.i.AbstractJavaProjectConfigurator - Adding resource folder /AddToCart/src/main/resources
2020-11-07 13:14:11,628 [Worker-20: Updating Maven Project] INFO  o.e.m.j.i.AbstractJavaProjectConfigurator - Adding resource folder /AddToCart/src/main/resources
2020-11-07 13:14:11,630 [Worker-20: Updating Maven Project] INFO  o.e.m.j.i.AbstractJavaProjectConfigurator - Adding source folder /AddToCart/src/test/java
2020-11-07 13:14:12,069 [Worker-20: Updating Maven Project] INFO  o.e.m.j.i.AbstractJavaProjectConfigurator - Adding source folder /LoginMicroservice/src/main/java
2020-11-07 13:14:12,070 [Worker-20: Updating Maven Project] INFO  o.e.m.j.i.AbstractJavaProjectConfigurator - Adding resource folder /LoginMicroservice/src/main/resources
2020-11-07 13:14:12,071 [Worker-20: Updating Maven Project] INFO  o.e.m.j.i.AbstractJavaProjectConfigurator - Adding resource folder /LoginMicroservice/src/main/resources
2020-11-07 13:14:12,073 [Worker-20: Updating Maven Project] INFO  o.e.m.j.i.AbstractJavaProjectConfigurator - Adding source folder /LoginMicroservice/src/test/java
2020-11-07 13:14:12,615 [Worker-20: Updating Maven Project] INFO  o.e.m.j.i.AbstractJavaProjectConfigurator - Adding source folder /MyEurekaServer/src/main/java
2020-11-07 13:14:12,616 [Worker-20: Updating Maven Project] INFO  o.e.m.j.i.AbstractJavaProjectConfigurator - Adding resource folder /MyEurekaServer/src/main/resources
2020-11-07 13:14:12,634 [Worker-20: Updating Maven Project] INFO  o.e.m.j.i.AbstractJavaProjectConfigurator - Adding resource folder /MyEurekaServer/src/main/resources
2020-11-07 13:14:12,646 [Worker-20: Updating Maven Project] INFO  o.e.m.j.i.AbstractJavaProjectConfigurator - Adding source folder /MyEurekaServer/src/test/java
2020-11-07 13:14:13,374 [Worker-20: Updating Maven Project] INFO  o.e.m.j.i.AbstractJavaProjectConfigurator - Adding source folder /ProductManagementSystem/src/main/java
2020-11-07 13:14:13,375 [Worker-20: Updating Maven Project] INFO  o.e.m.j.i.AbstractJavaProjectConfigurator - Adding resource folder /ProductManagementSystem/src/main/resources
2020-11-07 13:14:13,375 [Worker-20: Updating Maven Project] INFO  o.e.m.j.i.AbstractJavaProjectConfigurator - Adding resource folder /ProductManagementSystem/src/main/resources
2020-11-07 13:14:13,376 [Worker-20: Updating Maven Project] INFO  o.e.m.j.i.AbstractJavaProjectConfigurator - Adding source folder /ProductManagementSystem/src/test/java
2020-11-07 13:14:14,176 [Worker-20: Updating Maven Project] INFO  o.e.m.j.i.AbstractJavaProjectConfigurator - Adding source folder /WishlistManagementSystem/src/main/java
2020-11-07 13:14:14,177 [Worker-20: Updating Maven Project] INFO  o.e.m.j.i.AbstractJavaProjectConfigurator - Adding resource folder /WishlistManagementSystem/src/main/resources
2020-11-07 13:14:14,177 [Worker-20: Updating Maven Project] INFO  o.e.m.j.i.AbstractJavaProjectConfigurator - Adding resource folder /WishlistManagementSystem/src/main/resources
2020-11-07 13:14:14,179 [Worker-20: Updating Maven Project] INFO  o.e.m.j.i.AbstractJavaProjectConfigurator - Adding source folder /WishlistManagementSystem/src/test/java
2020-11-07 13:14:16,598 [Worker-20: Updating Maven Project] INFO  o.e.m.c.i.p.ProjectConfigurationManager - Update completed: 23 sec
2020-11-07 13:14:20,208 [Worker-20: Building workspace] INFO  o.e.m.c.i.embedder.EclipseLogger - Using 'UTF-8' encoding to copy filtered resources.
2020-11-07 13:14:20,209 [Worker-20: Building workspace] INFO  o.e.m.c.i.embedder.EclipseLogger - Copying 1 resource
2020-11-07 13:14:20,241 [Worker-20: Building workspace] INFO  o.e.m.c.i.embedder.EclipseLogger - Copying 7 resources
2020-11-07 13:14:20,332 [Worker-20: Building workspace] INFO  o.e.m.c.i.embedder.EclipseLogger - Using 'UTF-8' encoding to copy filtered resources.
2020-11-07 13:14:20,333 [Worker-20: Building workspace] INFO  o.e.m.c.i.embedder.EclipseLogger - skip non existing resourceDirectory C:\Users\HP\Desktop\Great-Outdoors\Great Outdoor\AddToCart\src\test\resources
2020-11-07 13:14:22,578 [Worker-20: Building workspace] WARN  o.e.m.c.i.embedder.EclipseLogger - The artifact org.hibernate:hibernate-validator:jar:6.0.12.Final has been relocated to org.hibernate.validator:hibernate-validator:jar:6.0.12.Final
2020-11-07 13:14:22,789 [Worker-20: Building workspace] INFO  o.e.m.c.i.embedder.EclipseLogger - Using 'UTF-8' encoding to copy filtered resources.
2020-11-07 13:14:22,790 [Worker-20: Building workspace] INFO  o.e.m.c.i.embedder.EclipseLogger - Copying 1 resource
2020-11-07 13:14:22,801 [Worker-20: Building workspace] INFO  o.e.m.c.i.embedder.EclipseLogger - Copying 3 resources
2020-11-07 13:14:22,837 [Worker-20: Building workspace] INFO  o.e.m.c.i.embedder.EclipseLogger - Using 'UTF-8' encoding to copy filtered resources.
2020-11-07 13:14:22,838 [Worker-20: Building workspace] INFO  o.e.m.c.i.embedder.EclipseLogger - skip non existing resourceDirectory C:\Users\HP\Desktop\Great-Outdoors\Great Outdoor\AddressManagementSystem\src\test\resources
2020-11-07 13:14:25,573 [Worker-20: Building workspace] WARN  o.e.m.c.i.embedder.EclipseLogger - The artifact org.hibernate:hibernate-validator:jar:6.0.12.Final has been relocated to org.hibernate.validator:hibernate-validator:jar:6.0.12.Final
2020-11-07 13:14:25,789 [Worker-20: Building workspace] INFO  o.e.m.c.i.embedder.EclipseLogger - Using 'UTF-8' encoding to copy filtered resources.
2020-11-07 13:14:25,790 [Worker-20: Building workspace] INFO  o.e.m.c.i.embedder.EclipseLogger - Copying 1 resource
2020-11-07 13:14:25,797 [Worker-20: Building workspace] INFO  o.e.m.c.i.embedder.EclipseLogger - Copying 8 resources
2020-11-07 13:14:25,958 [Worker-20: Building workspace] INFO  o.e.m.c.i.embedder.EclipseLogger - Using 'UTF-8' encoding to copy filtered resources.
2020-11-07 13:14:25,959 [Worker-20: Building workspace] INFO  o.e.m.c.i.embedder.EclipseLogger - skip non existing resourceDirectory C:\Users\HP\Desktop\Great-Outdoors\LoginMicroservice\src\test\resources
2020-11-07 13:14:28,563 [Worker-20: Building workspace] INFO  o.e.m.c.i.embedder.EclipseLogger - Using 'UTF-8' encoding to copy filtered resources.
2020-11-07 13:14:28,564 [Worker-20: Building workspace] INFO  o.e.m.c.i.embedder.EclipseLogger - Copying 1 resource
2020-11-07 13:14:28,576 [Worker-20: Building workspace] INFO  o.e.m.c.i.embedder.EclipseLogger - Copying 0 resource
2020-11-07 13:14:28,582 [Worker-20: Building workspace] INFO  o.e.m.c.i.embedder.EclipseLogger - Using 'UTF-8' encoding to copy filtered resources.
2020-11-07 13:14:28,582 [Worker-20: Building workspace] INFO  o.e.m.c.i.embedder.EclipseLogger - skip non existing resourceDirectory C:\Users\HP\Desktop\Great-Outdoors\Great Outdoor\MyEurekaServer\src\test\resources
2020-11-07 13:14:33,463 [Worker-20: Building workspace] WARN  o.e.m.c.i.embedder.EclipseLogger - The artifact org.hibernate:hibernate-validator:jar:6.0.12.Final has been relocated to org.hibernate.validator:hibernate-validator:jar:6.0.12.Final
2020-11-07 13:14:33,815 [Worker-20: Building workspace] INFO  o.e.m.c.i.embedder.EclipseLogger - Using 'UTF-8' encoding to copy filtered resources.
2020-11-07 13:14:33,815 [Worker-20: Building workspace] INFO  o.e.m.c.i.embedder.EclipseLogger - Copying 1 resource
2020-11-07 13:14:33,820 [Worker-20: Building workspace] INFO  o.e.m.c.i.embedder.EclipseLogger - Copying 8 resources
2020-11-07 13:14:33,968 [Worker-20: Building workspace] INFO  o.e.m.c.i.embedder.EclipseLogger - Using 'UTF-8' encoding to copy filtered resources.
2020-11-07 13:14:33,968 [Worker-20: Building workspace] INFO  o.e.m.c.i.embedder.EclipseLogger - skip non existing resourceDirectory C:\Users\HP\Desktop\Great-Outdoors\Great Outdoor\ProductManagementSystem\src\test\resources
2020-11-07 13:14:37,631 [Worker-20: Building workspace] INFO  o.e.m.c.i.embedder.EclipseLogger - Using 'UTF-8' encoding to copy filtered resources.
2020-11-07 13:14:37,632 [Worker-20: Building workspace] INFO  o.e.m.c.i.embedder.EclipseLogger - Copying 1 resource
2020-11-07 13:14:37,637 [Worker-20: Building workspace] INFO  o.e.m.c.i.embedder.EclipseLogger - Copying 0 resource
2020-11-07 13:14:37,641 [Worker-20: Building workspace] INFO  o.e.m.c.i.embedder.EclipseLogger - Using 'UTF-8' encoding to copy filtered resources.
2020-11-07 13:14:37,641 [Worker-20: Building workspace] INFO  o.e.m.c.i.embedder.EclipseLogger - skip non existing resourceDirectory C:\Users\HP\Desktop\Great-Outdoors\Great Outdoor\WishlistManagementSystem\src\test\resources
2020-11-07 13:14:39,419 [Worker-19: Building workspace] INFO  o.e.m.c.i.embedder.EclipseLogger - Using 'UTF-8' encoding to copy filtered resources.
2020-11-07 13:14:39,423 [Worker-19: Building workspace] INFO  o.e.m.c.i.embedder.EclipseLogger - Copying 0 resource
2020-11-07 13:14:39,423 [Worker-19: Building workspace] INFO  o.e.m.c.i.embedder.EclipseLogger - Copying 0 resource
2020-11-07 13:14:39,427 [Worker-19: Building workspace] INFO  o.e.m.c.i.embedder.EclipseLogger - Using 'UTF-8' encoding to copy filtered resources.
2020-11-07 13:14:39,427 [Worker-19: Building workspace] INFO  o.e.m.c.i.embedder.EclipseLogger - skip non existing resourceDirectory C:\Users\HP\Desktop\Great-Outdoors\Great Outdoor\MyEurekaServer\src\test\resources
2020-11-07 13:15:20,266 [Worker-6: Building workspace] INFO  o.e.m.c.i.embedder.EclipseLogger - Using 'UTF-8' encoding to copy filtered resources.
2020-11-07 13:15:20,268 [Worker-6: Building workspace] INFO  o.e.m.c.i.embedder.EclipseLogger - Copying 1 resource
2020-11-07 13:15:20,285 [Worker-6: Building workspace] INFO  o.e.m.c.i.embedder.EclipseLogger - Copying 3 resources
2020-11-07 13:15:20,327 [Worker-6: Building workspace] INFO  o.e.m.c.i.embedder.EclipseLogger - Using 'UTF-8' encoding to copy filtered resources.
2020-11-07 13:15:20,327 [Worker-6: Building workspace] INFO  o.e.m.c.i.embedder.EclipseLogger - skip non existing resourceDirectory C:\Users\HP\Desktop\Great-Outdoors\Great Outdoor\AddressManagementSystem\src\test\resources
2020-11-07 13:15:34,581 [Worker-22: Building workspace] INFO  o.e.m.c.i.embedder.EclipseLogger - Using 'UTF-8' encoding to copy filtered resources.
2020-11-07 13:15:34,583 [Worker-22: Building workspace] INFO  o.e.m.c.i.embedder.EclipseLogger - Copying 1 resource
2020-11-07 13:15:34,590 [Worker-22: Building workspace] INFO  o.e.m.c.i.embedder.EclipseLogger - Copying 7 resources
2020-11-07 13:15:34,706 [Worker-22: Building workspace] INFO  o.e.m.c.i.embedder.EclipseLogger - Using 'UTF-8' encoding to copy filtered resources.
2020-11-07 13:15:34,707 [Worker-22: Building workspace] INFO  o.e.m.c.i.embedder.EclipseLogger - skip non existing resourceDirectory C:\Users\HP\Desktop\Great-Outdoors\Great Outdoor\AddToCart\src\test\resources
2020-11-07 13:15:36,794 [Worker-19: Check for devtools] WARN  o.e.m.c.i.embedder.EclipseLogger - The artifact org.hibernate:hibernate-validator:jar:6.0.12.Final has been relocated to org.hibernate.validator:hibernate-validator:jar:6.0.12.Final
2020-11-07 13:15:51,343 [Worker-9: Building workspace] INFO  o.e.m.c.i.embedder.EclipseLogger - Using 'UTF-8' encoding to copy filtered resources.
2020-11-07 13:15:51,346 [Worker-9: Building workspace] INFO  o.e.m.c.i.embedder.EclipseLogger - Copying 1 resource
2020-11-07 13:15:51,352 [Worker-9: Building workspace] INFO  o.e.m.c.i.embedder.EclipseLogger - Copying 8 resources
2020-11-07 13:15:51,477 [Worker-9: Building workspace] INFO  o.e.m.c.i.embedder.EclipseLogger - Using 'UTF-8' encoding to copy filtered resources.
2020-11-07 13:15:51,477 [Worker-9: Building workspace] INFO  o.e.m.c.i.embedder.EclipseLogger - skip non existing resourceDirectory C:\Users\HP\Desktop\Great-Outdoors\LoginMicroservice\src\test\resources
2020-11-07 13:15:57,314 [Worker-18: Check for devtools] WARN  o.e.m.c.i.embedder.EclipseLogger - The artifact org.hibernate:hibernate-validator:jar:6.0.12.Final has been relocated to org.hibernate.validator:hibernate-validator:jar:6.0.12.Final
2020-11-07 13:16:10,874 [Worker-21: Building workspace] INFO  o.e.m.c.i.embedder.EclipseLogger - Using 'UTF-8' encoding to copy filtered resources.
2020-11-07 13:16:10,880 [Worker-21: Building workspace] INFO  o.e.m.c.i.embedder.EclipseLogger - Copying 1 resource
2020-11-07 13:16:10,913 [Worker-21: Building workspace] INFO  o.e.m.c.i.embedder.EclipseLogger - Copying 8 resources
2020-11-07 13:16:11,041 [Worker-21: Building workspace] INFO  o.e.m.c.i.embedder.EclipseLogger - Using 'UTF-8' encoding to copy filtered resources.
2020-11-07 13:16:11,041 [Worker-21: Building workspace] INFO  o.e.m.c.i.embedder.EclipseLogger - skip non existing resourceDirectory C:\Users\HP\Desktop\Great-Outdoors\Great Outdoor\ProductManagementSystem\src\test\resources
2020-11-07 13:16:26,327 [Worker-22: Building workspace] INFO  o.e.m.c.i.embedder.EclipseLogger - Using 'UTF-8' encoding to copy filtered resources.
2020-11-07 13:16:26,328 [Worker-22: Building workspace] INFO  o.e.m.c.i.embedder.EclipseLogger - Copying 1 resource
2020-11-07 13:16:26,344 [Worker-22: Building workspace] INFO  o.e.m.c.i.embedder.EclipseLogger - Copying 0 resource
2020-11-07 13:16:26,348 [Worker-22: Building workspace] INFO  o.e.m.c.i.embedder.EclipseLogger - Using 'UTF-8' encoding to copy filtered resources.
2020-11-07 13:16:26,348 [Worker-22: Building workspace] INFO  o.e.m.c.i.embedder.EclipseLogger - skip non existing resourceDirectory C:\Users\HP\Desktop\Great-Outdoors\Great Outdoor\WishlistManagementSystem\src\test\resources
2020-11-07 13:18:14,144 [Worker-9: Building workspace] INFO  o.e.m.c.i.embedder.EclipseLogger - Using 'UTF-8' encoding to copy filtered resources.
2020-11-07 13:18:14,147 [Worker-9: Building workspace] INFO  o.e.m.c.i.embedder.EclipseLogger - Copying 1 resource
2020-11-07 13:18:14,153 [Worker-9: Building workspace] INFO  o.e.m.c.i.embedder.EclipseLogger - Copying 8 resources
2020-11-07 13:18:14,245 [Worker-9: Building workspace] INFO  o.e.m.c.i.embedder.EclipseLogger - Using 'UTF-8' encoding to copy filtered resources.
2020-11-07 13:18:14,245 [Worker-9: Building workspace] INFO  o.e.m.c.i.embedder.EclipseLogger - skip non existing resourceDirectory C:\Users\HP\Desktop\Great-Outdoors\Great Outdoor\ProductManagementSystem\src\test\resources
2020-11-07 13:18:55,686 [Worker-9: Building workspace] INFO  o.e.m.c.i.embedder.EclipseLogger - Using 'UTF-8' encoding to copy filtered resources.
2020-11-07 13:18:55,687 [Worker-9: Building workspace] INFO  o.e.m.c.i.embedder.EclipseLogger - Copying 1 resource
2020-11-07 13:18:55,692 [Worker-9: Building workspace] INFO  o.e.m.c.i.embedder.EclipseLogger - Copying 0 resource
2020-11-07 13:18:55,695 [Worker-9: Building workspace] INFO  o.e.m.c.i.embedder.EclipseLogger - Using 'UTF-8' encoding to copy filtered resources.
2020-11-07 13:18:55,695 [Worker-9: Building workspace] INFO  o.e.m.c.i.embedder.EclipseLogger - skip non existing resourceDirectory C:\Users\HP\Desktop\Great-Outdoors\Great Outdoor\WishlistManagementSystem\src\test\resources
2020-11-07 13:20:49,840 [Worker-22: Building workspace] INFO  o.e.m.c.i.embedder.EclipseLogger - Using 'UTF-8' encoding to copy filtered resources.
2020-11-07 13:20:49,843 [Worker-22: Building workspace] INFO  o.e.m.c.i.embedder.EclipseLogger - Copying 1 resource
2020-11-07 13:20:49,849 [Worker-22: Building workspace] INFO  o.e.m.c.i.embedder.EclipseLogger - Copying 7 resources
2020-11-07 13:20:49,951 [Worker-22: Building workspace] INFO  o.e.m.c.i.embedder.EclipseLogger - Using 'UTF-8' encoding to copy filtered resources.
2020-11-07 13:20:49,952 [Worker-22: Building workspace] INFO  o.e.m.c.i.embedder.EclipseLogger - skip non existing resourceDirectory C:\Users\HP\Desktop\Great-Outdoors\Great Outdoor\AddToCart\src\test\resources
2020-11-07 13:25:15,955 [Worker-25: Building workspace] INFO  o.e.m.c.i.embedder.EclipseLogger - Using 'UTF-8' encoding to copy filtered resources.
2020-11-07 13:25:15,958 [Worker-25: Building workspace] INFO  o.e.m.c.i.embedder.EclipseLogger - Copying 1 resource
2020-11-07 13:25:15,986 [Worker-25: Building workspace] INFO  o.e.m.c.i.embedder.EclipseLogger - Copying 8 resources
2020-11-07 13:25:16,139 [Worker-25: Building workspace] INFO  o.e.m.c.i.embedder.EclipseLogger - Using 'UTF-8' encoding to copy filtered resources.
2020-11-07 13:25:16,140 [Worker-25: Building workspace] INFO  o.e.m.c.i.embedder.EclipseLogger - skip non existing resourceDirectory C:\Users\HP\Desktop\Great-Outdoors\LoginMicroservice\src\test\resources
2020-11-07 15:27:29,790 [Worker-36: Building workspace] INFO  o.e.m.c.i.embedder.EclipseLogger - Using 'UTF-8' encoding to copy filtered resources.
2020-11-07 15:27:29,792 [Worker-36: Building workspace] INFO  o.e.m.c.i.embedder.EclipseLogger - Copying 0 resource
2020-11-07 15:27:29,793 [Worker-36: Building workspace] INFO  o.e.m.c.i.embedder.EclipseLogger - Copying 0 resource
2020-11-07 15:27:29,799 [Worker-36: Building workspace] INFO  o.e.m.c.i.embedder.EclipseLogger - Using 'UTF-8' encoding to copy filtered resources.
2020-11-07 15:27:29,799 [Worker-36: Building workspace] INFO  o.e.m.c.i.embedder.EclipseLogger - skip non existing resourceDirectory C:\Users\HP\Desktop\Great-Outdoors\Great Outdoor\AddToCart\src\test\resources
2020-11-07 15:27:46,102 [Worker-36: Building workspace] WARN  o.e.m.c.i.embedder.EclipseLogger - The artifact org.hibernate:hibernate-validator:jar:6.0.12.Final has been relocated to org.hibernate.validator:hibernate-validator:jar:6.0.12.Final
2020-11-07 15:27:46,492 [Worker-36: Building workspace] INFO  o.e.m.c.i.embedder.EclipseLogger - Using 'UTF-8' encoding to copy filtered resources.
2020-11-07 15:27:46,493 [Worker-36: Building workspace] INFO  o.e.m.c.i.embedder.EclipseLogger - Copying 0 resource
2020-11-07 15:27:46,494 [Worker-36: Building workspace] INFO  o.e.m.c.i.embedder.EclipseLogger - Copying 0 resource
2020-11-07 15:27:46,498 [Worker-36: Building workspace] INFO  o.e.m.c.i.embedder.EclipseLogger - Using 'UTF-8' encoding to copy filtered resources.
2020-11-07 15:27:46,498 [Worker-36: Building workspace] INFO  o.e.m.c.i.embedder.EclipseLogger - skip non existing resourceDirectory C:\Users\HP\Desktop\Great-Outdoors\Great Outdoor\AddressManagementSystem\src\test\resources
2020-11-07 15:27:46,571 [Worker-36: Building workspace] INFO  o.e.m.c.i.embedder.EclipseLogger - Using 'UTF-8' encoding to copy filtered resources.
2020-11-07 15:27:46,572 [Worker-36: Building workspace] INFO  o.e.m.c.i.embedder.EclipseLogger - Copying 0 resource
2020-11-07 15:27:46,572 [Worker-36: Building workspace] INFO  o.e.m.c.i.embedder.EclipseLogger - Copying 0 resource
2020-11-07 15:27:46,576 [Worker-36: Building workspace] INFO  o.e.m.c.i.embedder.EclipseLogger - Using 'UTF-8' encoding to copy filtered resources.
2020-11-07 15:27:46,577 [Worker-36: Building workspace] INFO  o.e.m.c.i.embedder.EclipseLogger - skip non existing resourceDirectory C:\Users\HP\Desktop\Great-Outdoors\LoginMicroservice\src\test\resources
2020-11-07 15:27:51,963 [Worker-36: Building workspace] INFO  o.e.m.c.i.embedder.EclipseLogger - Using 'UTF-8' encoding to copy filtered resources.
2020-11-07 15:27:51,985 [Worker-36: Building workspace] INFO  o.e.m.c.i.embedder.EclipseLogger - Copying 0 resource
2020-11-07 15:27:51,986 [Worker-36: Building workspace] INFO  o.e.m.c.i.embedder.EclipseLogger - Copying 0 resource
2020-11-07 15:27:51,989 [Worker-36: Building workspace] INFO  o.e.m.c.i.embedder.EclipseLogger - Using 'UTF-8' encoding to copy filtered resources.
2020-11-07 15:27:51,990 [Worker-36: Building workspace] INFO  o.e.m.c.i.embedder.EclipseLogger - skip non existing resourceDirectory C:\Users\HP\Desktop\Great-Outdoors\Great Outdoor\MyEurekaServer\src\test\resources
2020-11-07 15:27:54,557 [Worker-36: Building workspace] WARN  o.e.m.c.i.embedder.EclipseLogger - The artifact org.hibernate:hibernate-validator:jar:6.0.12.Final has been relocated to org.hibernate.validator:hibernate-validator:jar:6.0.12.Final
2020-11-07 15:27:54,837 [Worker-36: Building workspace] INFO  o.e.m.c.i.embedder.EclipseLogger - Using 'UTF-8' encoding to copy filtered resources.
2020-11-07 15:27:54,838 [Worker-36: Building workspace] INFO  o.e.m.c.i.embedder.EclipseLogger - Copying 0 resource
2020-11-07 15:27:54,838 [Worker-36: Building workspace] INFO  o.e.m.c.i.embedder.EclipseLogger - Copying 0 resource
2020-11-07 15:27:54,841 [Worker-36: Building workspace] INFO  o.e.m.c.i.embedder.EclipseLogger - Using 'UTF-8' encoding to copy filtered resources.
2020-11-07 15:27:54,843 [Worker-36: Building workspace] INFO  o.e.m.c.i.embedder.EclipseLogger - skip non existing resourceDirectory C:\Users\HP\Desktop\Great-Outdoors\Great Outdoor\ProductManagementSystem\src\test\resources
2020-11-07 15:27:57,420 [Worker-36: Building workspace] INFO  o.e.m.c.i.embedder.EclipseLogger - Using 'UTF-8' encoding to copy filtered resources.
2020-11-07 15:27:57,421 [Worker-36: Building workspace] INFO  o.e.m.c.i.embedder.EclipseLogger - Copying 0 resource
2020-11-07 15:27:57,421 [Worker-36: Building workspace] INFO  o.e.m.c.i.embedder.EclipseLogger - Copying 0 resource
2020-11-07 15:27:57,424 [Worker-36: Building workspace] INFO  o.e.m.c.i.embedder.EclipseLogger - Using 'UTF-8' encoding to copy filtered resources.
2020-11-07 15:27:57,424 [Worker-36: Building workspace] INFO  o.e.m.c.i.embedder.EclipseLogger - skip non existing resourceDirectory C:\Users\HP\Desktop\Great-Outdoors\Great Outdoor\WishlistManagementSystem\src\test\resources
2020-11-07 15:29:05,483 [Worker-36: Building workspace] INFO  o.e.m.c.i.embedder.EclipseLogger - Using 'UTF-8' encoding to copy filtered resources.
2020-11-07 15:29:05,484 [Worker-36: Building workspace] INFO  o.e.m.c.i.embedder.EclipseLogger - Copying 1 resource
2020-11-07 15:29:05,503 [Worker-36: Building workspace] INFO  o.e.m.c.i.embedder.EclipseLogger - Copying 0 resource
2020-11-07 15:29:05,506 [Worker-36: Building workspace] INFO  o.e.m.c.i.embedder.EclipseLogger - Using 'UTF-8' encoding to copy filtered resources.
2020-11-07 15:29:05,506 [Worker-36: Building workspace] INFO  o.e.m.c.i.embedder.EclipseLogger - skip non existing resourceDirectory C:\Users\HP\Desktop\Great-Outdoors\Great Outdoor\WishlistManagementSystem\src\test\resources
2020-11-07 15:29:37,544 [Worker-36: Building workspace] INFO  o.e.m.c.i.embedder.EclipseLogger - Using 'UTF-8' encoding to copy filtered resources.
2020-11-07 15:29:37,555 [Worker-36: Building workspace] INFO  o.e.m.c.i.embedder.EclipseLogger - Copying 1 resource
2020-11-07 15:29:37,565 [Worker-36: Building workspace] INFO  o.e.m.c.i.embedder.EclipseLogger - Copying 0 resource
2020-11-07 15:29:37,574 [Worker-36: Building workspace] INFO  o.e.m.c.i.embedder.EclipseLogger - Using 'UTF-8' encoding to copy filtered resources.
2020-11-07 15:29:37,575 [Worker-36: Building workspace] INFO  o.e.m.c.i.embedder.EclipseLogger - skip non existing resourceDirectory C:\Users\HP\Desktop\Great-Outdoors\Great Outdoor\WishlistManagementSystem\src\test\resources
2020-11-07 15:32:23,358 [Worker-36: Building workspace] INFO  o.e.m.c.i.embedder.EclipseLogger - Using 'UTF-8' encoding to copy filtered resources.
2020-11-07 15:32:23,360 [Worker-36: Building workspace] INFO  o.e.m.c.i.embedder.EclipseLogger - Copying 1 resource
2020-11-07 15:32:23,370 [Worker-36: Building workspace] INFO  o.e.m.c.i.embedder.EclipseLogger - Copying 0 resource
2020-11-07 15:32:23,385 [Worker-36: Building workspace] INFO  o.e.m.c.i.embedder.EclipseLogger - Using 'UTF-8' encoding to copy filtered resources.
2020-11-07 15:32:23,387 [Worker-36: Building workspace] INFO  o.e.m.c.i.embedder.EclipseLogger - skip non existing resourceDirectory C:\Users\HP\Desktop\Great-Outdoors\Great Outdoor\WishlistManagementSystem\src\test\resources
2020-11-07 15:32:38,987 [Worker-42: Building workspace] INFO  o.e.m.c.i.embedder.EclipseLogger - Using 'UTF-8' encoding to copy filtered resources.
2020-11-07 15:32:38,988 [Worker-42: Building workspace] INFO  o.e.m.c.i.embedder.EclipseLogger - Copying 1 resource
2020-11-07 15:32:38,993 [Worker-42: Building workspace] INFO  o.e.m.c.i.embedder.EclipseLogger - Copying 0 resource
2020-11-07 15:32:38,997 [Worker-42: Building workspace] INFO  o.e.m.c.i.embedder.EclipseLogger - Using 'UTF-8' encoding to copy filtered resources.
2020-11-07 15:32:38,998 [Worker-42: Building workspace] INFO  o.e.m.c.i.embedder.EclipseLogger - skip non existing resourceDirectory C:\Users\HP\Desktop\Great-Outdoors\Great Outdoor\WishlistManagementSystem\src\test\resources
2020-11-07 15:32:50,349 [Worker-38: Building workspace] INFO  o.e.m.c.i.embedder.EclipseLogger - Using 'UTF-8' encoding to copy filtered resources.
2020-11-07 15:32:50,351 [Worker-38: Building workspace] INFO  o.e.m.c.i.embedder.EclipseLogger - Copying 1 resource
2020-11-07 15:32:50,356 [Worker-38: Building workspace] INFO  o.e.m.c.i.embedder.EclipseLogger - Copying 0 resource
2020-11-07 15:32:50,378 [Worker-38: Building workspace] INFO  o.e.m.c.i.embedder.EclipseLogger - Using 'UTF-8' encoding to copy filtered resources.
2020-11-07 15:32:50,379 [Worker-38: Building workspace] INFO  o.e.m.c.i.embedder.EclipseLogger - skip non existing resourceDirectory C:\Users\HP\Desktop\Great-Outdoors\Great Outdoor\WishlistManagementSystem\src\test\resources
2020-11-07 15:36:45,017 [Worker-42: Building workspace] INFO  o.e.m.c.i.embedder.EclipseLogger - Using 'UTF-8' encoding to copy filtered resources.
2020-11-07 15:36:45,019 [Worker-42: Building workspace] INFO  o.e.m.c.i.embedder.EclipseLogger - Copying 1 resource
2020-11-07 15:36:45,023 [Worker-42: Building workspace] INFO  o.e.m.c.i.embedder.EclipseLogger - Copying 0 resource
2020-11-07 15:36:45,025 [Worker-42: Building workspace] INFO  o.e.m.c.i.embedder.EclipseLogger - Using 'UTF-8' encoding to copy filtered resources.
2020-11-07 15:36:45,025 [Worker-42: Building workspace] INFO  o.e.m.c.i.embedder.EclipseLogger - skip non existing resourceDirectory C:\Users\HP\Desktop\Great-Outdoors\Great Outdoor\WishlistManagementSystem\src\test\resources
2020-11-07 15:38:48,217 [Worker-43: Building workspace] INFO  o.e.m.c.i.embedder.EclipseLogger - Using 'UTF-8' encoding to copy filtered resources.
2020-11-07 15:38:48,219 [Worker-43: Building workspace] INFO  o.e.m.c.i.embedder.EclipseLogger - Copying 1 resource
2020-11-07 15:38:48,223 [Worker-43: Building workspace] INFO  o.e.m.c.i.embedder.EclipseLogger - Copying 0 resource
2020-11-07 15:38:48,262 [Worker-43: Building workspace] INFO  o.e.m.c.i.embedder.EclipseLogger - Using 'UTF-8' encoding to copy filtered resources.
2020-11-07 15:38:48,262 [Worker-43: Building workspace] INFO  o.e.m.c.i.embedder.EclipseLogger - skip non existing resourceDirectory C:\Users\HP\Desktop\Great-Outdoors\Great Outdoor\WishlistManagementSystem\src\test\resources
2020-11-07 16:30:01,193 [Worker-55: Building workspace] INFO  o.e.m.c.i.embedder.EclipseLogger - Using 'UTF-8' encoding to copy filtered resources.
2020-11-07 16:30:01,197 [Worker-55: Building workspace] INFO  o.e.m.c.i.embedder.EclipseLogger - Copying 1 resource
2020-11-07 16:30:01,220 [Worker-55: Building workspace] INFO  o.e.m.c.i.embedder.EclipseLogger - Copying 7 resources
2020-11-07 16:30:01,291 [Worker-55: Building workspace] INFO  o.e.m.c.i.embedder.EclipseLogger - Using 'UTF-8' encoding to copy filtered resources.
2020-11-07 16:30:01,292 [Worker-55: Building workspace] INFO  o.e.m.c.i.embedder.EclipseLogger - skip non existing resourceDirectory C:\Users\HP\Desktop\Great-Outdoors\Great Outdoor\AddToCart\src\test\resources
2020-11-07 16:39:49,971 [Worker-46: Building workspace] INFO  o.e.m.c.i.embedder.EclipseLogger - Using 'UTF-8' encoding to copy filtered resources.
2020-11-07 16:39:49,977 [Worker-46: Building workspace] INFO  o.e.m.c.i.embedder.EclipseLogger - Copying 1 resource
2020-11-07 16:39:49,984 [Worker-46: Building workspace] INFO  o.e.m.c.i.embedder.EclipseLogger - Copying 7 resources
2020-11-07 16:39:50,031 [Worker-46: Building workspace] INFO  o.e.m.c.i.embedder.EclipseLogger - Using 'UTF-8' encoding to copy filtered resources.
2020-11-07 16:39:50,031 [Worker-46: Building workspace] INFO  o.e.m.c.i.embedder.EclipseLogger - skip non existing resourceDirectory C:\Users\HP\Desktop\Great-Outdoors\Great Outdoor\AddToCart\src\test\resources
2020-11-07 16:56:45,381 [Worker-51: Building workspace] INFO  o.e.m.c.i.embedder.EclipseLogger - Using 'UTF-8' encoding to copy filtered resources.
2020-11-07 16:56:45,411 [Worker-51: Building workspace] INFO  o.e.m.c.i.embedder.EclipseLogger - Copying 1 resource
2020-11-07 16:56:45,420 [Worker-51: Building workspace] INFO  o.e.m.c.i.embedder.EclipseLogger - Copying 7 resources
2020-11-07 16:56:45,458 [Worker-51: Building workspace] INFO  o.e.m.c.i.embedder.EclipseLogger - Using 'UTF-8' encoding to copy filtered resources.
2020-11-07 16:56:45,459 [Worker-51: Building workspace] INFO  o.e.m.c.i.embedder.EclipseLogger - skip non existing resourceDirectory C:\Users\HP\Desktop\Great-Outdoors\Great Outdoor\AddToCart\src\test\resources
2020-11-07 16:56:47,912 [Worker-59: Building workspace] INFO  o.e.m.c.i.embedder.EclipseLogger - Using 'UTF-8' encoding to copy filtered resources.
2020-11-07 16:56:47,915 [Worker-59: Building workspace] INFO  o.e.m.c.i.embedder.EclipseLogger - Copying 1 resource
2020-11-07 16:56:47,920 [Worker-59: Building workspace] INFO  o.e.m.c.i.embedder.EclipseLogger - Copying 7 resources
2020-11-07 16:56:47,926 [Worker-59: Building workspace] INFO  o.e.m.c.i.embedder.EclipseLogger - Using 'UTF-8' encoding to copy filtered resources.
2020-11-07 16:56:47,926 [Worker-59: Building workspace] INFO  o.e.m.c.i.embedder.EclipseLogger - skip non existing resourceDirectory C:\Users\HP\Desktop\Great-Outdoors\Great Outdoor\AddToCart\src\test\resources
2020-11-08 11:03:32,361 [Worker-0: Loading available Gradle versions] INFO  o.e.b.c.i.u.g.PublishedGradleVersions - Gradle version information cache is out-of-date. Trying to update.
2020-11-08 11:04:46,299 [Worker-16: Check for devtools] WARN  o.e.m.c.i.embedder.EclipseLogger - The artifact org.hibernate:hibernate-validator:jar:6.0.12.Final has been relocated to org.hibernate.validator:hibernate-validator:jar:6.0.12.Final
2020-11-08 11:05:22,053 [Worker-4: Launching AddToCart - AddToCartSystem] INFO  o.e.m.c.i.embedder.EclipseLogger - Using 'UTF-8' encoding to copy filtered resources.
2020-11-08 11:05:22,064 [Worker-4: Launching AddToCart - AddToCartSystem] INFO  o.e.m.c.i.embedder.EclipseLogger - Copying 1 resource
2020-11-08 11:05:22,110 [Worker-4: Launching AddToCart - AddToCartSystem] INFO  o.e.m.c.i.embedder.EclipseLogger - Copying 7 resources
2020-11-08 11:05:22,234 [Worker-4: Launching AddToCart - AddToCartSystem] INFO  o.e.m.c.i.embedder.EclipseLogger - Using 'UTF-8' encoding to copy filtered resources.
2020-11-08 11:05:22,235 [Worker-4: Launching AddToCart - AddToCartSystem] INFO  o.e.m.c.i.embedder.EclipseLogger - skip non existing resourceDirectory C:\Users\HP\Desktop\Great-Outdoors\Great Outdoor\AddToCart\src\test\resources
2020-11-08 11:07:43,102 [Worker-15: Check for devtools] WARN  o.e.m.c.i.embedder.EclipseLogger - The artifact org.hibernate:hibernate-validator:jar:6.0.12.Final has been relocated to org.hibernate.validator:hibernate-validator:jar:6.0.12.Final
2020-11-08 20:45:12,301 [Worker-39: Building workspace] INFO  o.e.m.c.i.embedder.EclipseLogger - Using 'UTF-8' encoding to copy filtered resources.
2020-11-08 20:45:12,312 [Worker-39: Building workspace] INFO  o.e.m.c.i.embedder.EclipseLogger - Copying 1 resource
2020-11-08 20:45:12,329 [Worker-39: Building workspace] INFO  o.e.m.c.i.embedder.EclipseLogger - Copying 7 resources
2020-11-08 20:45:12,407 [Worker-39: Building workspace] INFO  o.e.m.c.i.embedder.EclipseLogger - Using 'UTF-8' encoding to copy filtered resources.
2020-11-08 20:45:12,407 [Worker-39: Building workspace] INFO  o.e.m.c.i.embedder.EclipseLogger - skip non existing resourceDirectory C:\Users\HP\Desktop\Great-Outdoors\Great Outdoor\AddToCart\src\test\resources
2020-11-08 20:54:35,261 [Worker-45: Building workspace] INFO  o.e.m.c.i.embedder.EclipseLogger - Using 'UTF-8' encoding to copy filtered resources.
2020-11-08 20:54:35,266 [Worker-45: Building workspace] INFO  o.e.m.c.i.embedder.EclipseLogger - Copying 1 resource
2020-11-08 20:54:35,272 [Worker-45: Building workspace] INFO  o.e.m.c.i.embedder.EclipseLogger - Copying 7 resources
2020-11-08 20:54:35,310 [Worker-45: Building workspace] INFO  o.e.m.c.i.embedder.EclipseLogger - Using 'UTF-8' encoding to copy filtered resources.
2020-11-08 20:54:35,310 [Worker-45: Building workspace] INFO  o.e.m.c.i.embedder.EclipseLogger - skip non existing resourceDirectory C:\Users\HP\Desktop\Great-Outdoors\Great Outdoor\AddToCart\src\test\resources
2020-11-08 21:19:38,441 [Worker-47: Building workspace] INFO  o.e.m.c.i.embedder.EclipseLogger - Using 'UTF-8' encoding to copy filtered resources.
2020-11-08 21:19:38,444 [Worker-47: Building workspace] INFO  o.e.m.c.i.embedder.EclipseLogger - Copying 1 resource
2020-11-08 21:19:38,452 [Worker-47: Building workspace] INFO  o.e.m.c.i.embedder.EclipseLogger - Copying 7 resources
2020-11-08 21:19:38,487 [Worker-47: Building workspace] INFO  o.e.m.c.i.embedder.EclipseLogger - Using 'UTF-8' encoding to copy filtered resources.
2020-11-08 21:19:38,488 [Worker-47: Building workspace] INFO  o.e.m.c.i.embedder.EclipseLogger - skip non existing resourceDirectory C:\Users\HP\Desktop\Great-Outdoors\Great Outdoor\AddToCart\src\test\resources
2020-11-08 22:49:46,887 [Worker-55: Building workspace] INFO  o.e.m.c.i.embedder.EclipseLogger - Using 'UTF-8' encoding to copy filtered resources.
2020-11-08 22:49:46,915 [Worker-55: Building workspace] INFO  o.e.m.c.i.embedder.EclipseLogger - Copying 1 resource
2020-11-08 22:49:46,923 [Worker-55: Building workspace] INFO  o.e.m.c.i.embedder.EclipseLogger - Copying 7 resources
2020-11-08 22:49:46,966 [Worker-55: Building workspace] INFO  o.e.m.c.i.embedder.EclipseLogger - Using 'UTF-8' encoding to copy filtered resources.
2020-11-08 22:49:46,966 [Worker-55: Building workspace] INFO  o.e.m.c.i.embedder.EclipseLogger - skip non existing resourceDirectory C:\Users\HP\Desktop\Great-Outdoors\Great Outdoor\AddToCart\src\test\resources
2020-11-08 23:14:50,680 [Worker-58: Building workspace] INFO  o.e.m.c.i.embedder.EclipseLogger - Using 'UTF-8' encoding to copy filtered resources.
2020-11-08 23:14:50,685 [Worker-58: Building workspace] INFO  o.e.m.c.i.embedder.EclipseLogger - Copying 1 resource
2020-11-08 23:14:50,692 [Worker-58: Building workspace] INFO  o.e.m.c.i.embedder.EclipseLogger - Copying 7 resources
2020-11-08 23:14:50,730 [Worker-58: Building workspace] INFO  o.e.m.c.i.embedder.EclipseLogger - Using 'UTF-8' encoding to copy filtered resources.
2020-11-08 23:14:50,730 [Worker-58: Building workspace] INFO  o.e.m.c.i.embedder.EclipseLogger - skip non existing resourceDirectory C:\Users\HP\Desktop\Great-Outdoors\Great Outdoor\AddToCart\src\test\resources
2020-11-08 23:17:51,271 [Worker-58: Building workspace] INFO  o.e.m.c.i.embedder.EclipseLogger - Using 'UTF-8' encoding to copy filtered resources.
2020-11-08 23:17:51,274 [Worker-58: Building workspace] INFO  o.e.m.c.i.embedder.EclipseLogger - Copying 1 resource
2020-11-08 23:17:51,280 [Worker-58: Building workspace] INFO  o.e.m.c.i.embedder.EclipseLogger - Copying 7 resources
2020-11-08 23:17:51,321 [Worker-58: Building workspace] INFO  o.e.m.c.i.embedder.EclipseLogger - Using 'UTF-8' encoding to copy filtered resources.
2020-11-08 23:17:51,321 [Worker-58: Building workspace] INFO  o.e.m.c.i.embedder.EclipseLogger - skip non existing resourceDirectory C:\Users\HP\Desktop\Great-Outdoors\Great Outdoor\AddToCart\src\test\resources
2020-11-08 23:27:11,835 [Worker-57: Building workspace] INFO  o.e.m.c.i.embedder.EclipseLogger - Using 'UTF-8' encoding to copy filtered resources.
2020-11-08 23:27:11,838 [Worker-57: Building workspace] INFO  o.e.m.c.i.embedder.EclipseLogger - Copying 1 resource
2020-11-08 23:27:11,845 [Worker-57: Building workspace] INFO  o.e.m.c.i.embedder.EclipseLogger - Copying 7 resources
2020-11-08 23:27:11,895 [Worker-57: Building workspace] INFO  o.e.m.c.i.embedder.EclipseLogger - Using 'UTF-8' encoding to copy filtered resources.
2020-11-08 23:27:11,895 [Worker-57: Building workspace] INFO  o.e.m.c.i.embedder.EclipseLogger - skip non existing resourceDirectory C:\Users\HP\Desktop\Great-Outdoors\Great Outdoor\AddToCart\src\test\resources
2020-11-09 07:30:26,337 [Worker-0: Loading available Gradle versions] INFO  o.e.b.c.i.u.g.PublishedGradleVersions - Gradle version information cache is up-to-date. Trying to read.
2020-11-09 07:50:19,253 [Worker-17: Check for devtools] WARN  o.e.m.c.i.embedder.EclipseLogger - The artifact org.hibernate:hibernate-validator:jar:6.0.12.Final has been relocated to org.hibernate.validator:hibernate-validator:jar:6.0.12.Final
2020-11-09 07:51:08,326 [Worker-17: Check for devtools] WARN  o.e.m.c.i.embedder.EclipseLogger - The artifact org.hibernate:hibernate-validator:jar:6.0.12.Final has been relocated to org.hibernate.validator:hibernate-validator:jar:6.0.12.Final
2020-11-09 07:59:13,485 [Worker-13: Building workspace] INFO  o.e.m.c.i.embedder.EclipseLogger - Using 'UTF-8' encoding to copy filtered resources.
2020-11-09 07:59:13,494 [Worker-13: Building workspace] INFO  o.e.m.c.i.embedder.EclipseLogger - Copying 1 resource
2020-11-09 07:59:13,539 [Worker-13: Building workspace] INFO  o.e.m.c.i.embedder.EclipseLogger - Copying 7 resources
2020-11-09 07:59:13,587 [Worker-13: Building workspace] INFO  o.e.m.c.i.embedder.EclipseLogger - Using 'UTF-8' encoding to copy filtered resources.
2020-11-09 07:59:13,587 [Worker-13: Building workspace] INFO  o.e.m.c.i.embedder.EclipseLogger - skip non existing resourceDirectory C:\Users\HP\Desktop\Great-Outdoors\Great Outdoor\AddToCart\src\test\resources
2020-11-09 08:12:50,906 [Worker-23: Building workspace] INFO  o.e.m.c.i.embedder.EclipseLogger - Using 'UTF-8' encoding to copy filtered resources.
2020-11-09 08:12:50,912 [Worker-23: Building workspace] INFO  o.e.m.c.i.embedder.EclipseLogger - Copying 0 resource
2020-11-09 08:12:50,914 [Worker-23: Building workspace] INFO  o.e.m.c.i.embedder.EclipseLogger - Copying 4 resources
2020-11-09 08:12:50,966 [Worker-23: Building workspace] INFO  o.e.m.c.i.embedder.EclipseLogger - Using 'UTF-8' encoding to copy filtered resources.
2020-11-09 08:12:50,966 [Worker-23: Building workspace] INFO  o.e.m.c.i.embedder.EclipseLogger - skip non existing resourceDirectory C:\Users\HP\Desktop\Great-Outdoors\Great Outdoor\AddToCart\src\test\resources
2020-11-09 08:12:51,459 [Worker-23: Building workspace] INFO  o.e.m.c.i.embedder.EclipseLogger - Using 'UTF-8' encoding to copy filtered resources.
2020-11-09 08:12:51,461 [Worker-23: Building workspace] INFO  o.e.m.c.i.embedder.EclipseLogger - Copying 1 resource
2020-11-09 08:12:51,503 [Worker-23: Building workspace] INFO  o.e.m.c.i.embedder.EclipseLogger - Copying 8 resources
2020-11-09 08:12:51,593 [Worker-23: Building workspace] INFO  o.e.m.c.i.embedder.EclipseLogger - Using 'UTF-8' encoding to copy filtered resources.
2020-11-09 08:12:51,593 [Worker-23: Building workspace] INFO  o.e.m.c.i.embedder.EclipseLogger - skip non existing resourceDirectory C:\Users\HP\Desktop\Great-Outdoors\LoginMicroservice\src\test\resources
2020-11-09 08:12:52,300 [Worker-23: Building workspace] INFO  o.e.m.c.i.embedder.EclipseLogger - Using 'UTF-8' encoding to copy filtered resources.
2020-11-09 08:12:52,301 [Worker-23: Building workspace] INFO  o.e.m.c.i.embedder.EclipseLogger - Copying 1 resource
2020-11-09 08:12:52,322 [Worker-23: Building workspace] INFO  o.e.m.c.i.embedder.EclipseLogger - Copying 8 resources
2020-11-09 08:12:52,418 [Worker-23: Building workspace] INFO  o.e.m.c.i.embedder.EclipseLogger - Using 'UTF-8' encoding to copy filtered resources.
2020-11-09 08:12:52,418 [Worker-23: Building workspace] INFO  o.e.m.c.i.embedder.EclipseLogger - skip non existing resourceDirectory C:\Users\HP\Desktop\Great-Outdoors\Great Outdoor\ProductManagementSystem\src\test\resources
